/home/jyp/miniconda3/lib/python3.7/site-packages/thefuzz/fuzz.py:11: UserWarning: Using slow pure-python SequenceMatcher. Install python-Levenshtein to remove this warning
  warnings.warn('Using slow pure-python SequenceMatcher. Install python-Levenshtein to remove this warning')
started...
approximate = thefuzz
column = 0
debug = False
input = cvpa.tsv
lower = False
original = False
verbose = False
wcvp = wcvp-5.0.xz
ERRORS = (0.025, 0.05, 0.075, 0.1)
minScore = 90
Could not resolve 'Abies amabilis Douglas ex J. Forbes'!
Could not resolve 'Abies nigra Du Roi'!
Could not resolve 'Abies vejarii Martínez'!
Could not resolve 'Abutilon hirsutum (Vell.) K. Schum.'!
Could not resolve 'Acalypha ferdinandii K. Hoffm.'!
Could not resolve 'Acamptopappus sphaerocephalus var. sphaerocephalus'!
Could not resolve 'Acanthorrhiza warscewiczii H. Wendl.'!
Could not resolve 'Acer saccharum fo. saccharum'!
Could not resolve 'Acer saccharum var. saccharum'!
Could not resolve 'Achnatherum lemmonii subsp. lemmonii'!
Could not resolve 'Achnatherum occidentale subsp. occidentale'!
Could not resolve 'Achyranthes aspera L.'!
Could not resolve 'Aciotis indecora (Bonpl.) Triana'!
Could not resolve 'Acmella decumbens var. decumbens'!
Could not resolve 'Aconitum columbianum var. columbianum'!
Could not resolve 'Actaea pachypoda fo. pachypoda'!
Could not resolve 'Actaea rubra fo. rubra'!
Could not resolve 'Actaea spicata L.'!
Could not resolve 'Adonis annua L.'!
Could not resolve 'Aechmea bromeliifolia (Rudge) Baker'!
Could not resolve 'Aechmea gamosepala Wittm.'!
Could not resolve 'Aegiphila hoehnei Moldenke'!
Could not resolve 'Aegiphila pendula Moldenke'!
Could not resolve 'Aeschynomene bracteolaris L. Riley'!
Could not resolve 'Agalinis oligophylla Pennell'!
Could not resolve 'Agastache sandersiana J.G. González'!
Could not resolve 'Agave calciphila G.D. Starr'!
Could not resolve 'Agave ghiesbreghtii Lem. ex Jacobi'!
Could not resolve 'Agave lexii García-Mor., García-Jim. & Iamonico'!
Could not resolve 'Agave lophantha Schiede'!
Could not resolve 'Agave lophantha Schiede ex Kunth'!
Could not resolve 'Agave nuusaviorum García-Mend.'!
Could not resolve 'Agave parryi var. parryi'!
Could not resolve 'Agave pygmaea Gentry'!
Could not resolve 'Agave scaphoidea Greenm. & Roush'!
Could not resolve 'Agave shrevei Gentry'!
Could not resolve 'Agave utahensis var. utahensis'!
Could not resolve 'Agave wendtii Cházaro'!
Could not resolve 'Ageratella microphylla (Sch. Bip.) A. Gray ex S. Watson'!
Could not resolve 'Ageratina altissima var. altissima'!
Could not resolve 'Agonandra brasiliensis Miers ex Benth. & Hook. f.'!
Could not resolve 'Agoseris apargioides subsp. apargioides'!
Could not resolve 'Agoseris apargioides var. apargioides'!
Could not resolve 'Agoseris aurantiaca var. aurantiaca'!
Could not resolve 'Agoseris glauca var. glauca'!
Could not resolve 'Agropyron pungens var. pungens'!
Could not resolve 'Agrostis alba var. alba'!
Could not resolve 'Agrostis alba var. palustris (Huds.) Pers.'!
Could not resolve 'Agrostis borealis fo. borealis'!
Could not resolve 'Agrostis borealis var. borealis'!
Could not resolve 'Agrostis geminata fo. geminata'!
Could not resolve 'Agrostis hallii Vasey'!
Could not resolve 'Agrostis michauxii var. alpina Rupr.'!
Could not resolve 'Alchemilla alpina L.'!
Could not resolve 'Aletes tenuifolia (Nutt. ex Torr. & A. Gray) W.A. Weber'!
Could not resolve 'Alisma gramineum C.C. Gmel.'!
Could not resolve 'Alisma plantago R. Br.'!
Could not resolve 'Alliaria officinalis Andrz. ex DC.'!
Could not resolve 'Allium fimbriatum var. diabolense Ownbey & Aase ex Traub'!
Could not resolve 'Allium sanbornii var. tuolumnense Ownbey & Aase ex Traub'!
Could not resolve 'Alloispermum palmeri (S. Watson ex A. Gray) C.F. Fernandez & Urbatsch'!
Could not resolve 'Alnus crispa fo. crispa'!
Could not resolve 'Alnus crispa var. crispa'!
Could not resolve 'Alnus maritima Muhl. ex Nutt.'!
Could not resolve 'Alnus rugosa fo. rugosa'!
Could not resolve 'Alnus rugosa var. rugosa'!
Could not resolve 'Alnus serrulata fo. serrulata'!
Could not resolve 'Alnus serrulata var. serrulata'!
Could not resolve 'Alopecurus aequalis var. aequalis'!
Could not resolve 'Alternanthera dentata (Moench) Stuchlík'!
Could not resolve 'Amaranthus albus var. albus'!
Could not resolve 'Amaranthus crassipes var. crassipes'!
Could not resolve 'Amelanchier humilis var. humilis'!
Could not resolve 'Amelanchier pallida Greene'!
Could not resolve 'Amelanchier stolonifera fo. stolonifera'!
Could not resolve 'Ammophila arenaria subsp. arenaria'!
Could not resolve 'Amorpha georgiana Wilbur'!
Could not resolve 'Amphipappus fremontii subsp. fremontii'!
Could not resolve 'Amphipappus fremontii var. fremontii'!
Could not resolve 'Amsinckia lycopsoides Lehm.'!
Could not resolve 'Amsinckiopsis kingii (S. Watson) Guilliams, Hasenstab & B.G. Baldwin'!
Could not resolve 'Amsonia salpignantha Woodson'!
Could not resolve 'Anaphalis margaritacea (L.) Benth. ex C.B. Clarke'!
Could not resolve 'Andesanthus inopinatus (Wurdack) P.J.F. Guim. & Michelang.'!
Could not resolve 'Andesanthus wurdackii (Almeda & Todzia) P.J.F. Guim. & Michelang.'!
Could not resolve 'Androlepis najarroi Ram.-Díaz & I. Ramírez'!
Could not resolve 'Andropogon gerardi subsp. gerardi'!
Could not resolve 'Andropogon scoparius var. scoparius'!
Could not resolve 'Anemone drummondii var. drummondii'!
Could not resolve 'Anemone multifida var. multifida'!
Could not resolve 'Antennaria neglecta fo. neglecta'!
Could not resolve 'Antennaria neglecta var. neglecta'!
Could not resolve 'Antennaria parlinii Fernald'!
Could not resolve 'Antennaria petaloidea var. petaloidea'!
Could not resolve 'Antennaria plantaginifolia var. plantaginifolia'!
Could not resolve 'Anthericum durangense Greenm.'!
Could not resolve 'Anthoxanthum nitens subsp. nitens'!
Could not resolve 'Anthurium crassiradix Croat'!
Could not resolve 'Anthurium effusilobum Croat'!
Could not resolve 'Anthurium wedelianum Croat'!
Could not resolve 'Antiphytum brevicalyx N. Mend., Flores Olv. & Ochot.-Booth'!
Could not resolve 'Aphelandra aurantiaca var. aurantiaca'!
Could not resolve 'Aphyllon epigalium Colwell & A.C. Schneid.'!
Could not resolve 'Apocynum sibiricum fo. sibiricum'!
Could not resolve 'Apocynum sibiricum var. sibiricum'!
Could not resolve 'Apodanthes flacourtiae H. Karst.'!
Could not resolve 'Apodanthes globosa S. Watson ex B.L. Rob.'!
Could not resolve 'Apodanthes pringlei S. Watson ex B.L. Rob.'!
Could not resolve 'Aquilegia formosa var. formosa'!
Could not resolve 'Arabis divaricarpa var. divaricarpa'!
Could not resolve 'Arabis holboellii var. holboellii'!
Could not resolve 'Arabis laevigata (Muhl. ex Willd.) Poir.'!
Could not resolve 'Arabis ovata Michx.'!
Could not resolve 'Arachnothryx axillaris Torr.-Montúfar & Ochot.-Booth'!
Could not resolve 'Arachnothryx flores-olverae Torr.-Montúfar & Ochot.-Booth'!
Could not resolve 'Araucaria brasiliensis Lamb. ex Loudon'!
Could not resolve 'Arbutus occidentalis McVaugh & Rosatti'!
Could not resolve 'Arceuthobium douglasii Engelm.'!
Could not resolve 'Arceuthobium globosum Hawksw. & Wiens'!
Could not resolve 'Archangelica dentata Chapm. ex Torr. & A. Gray'!
Could not resolve 'Archibaccharis standleyi S.F. Blake'!
Could not resolve 'Arctagrostis latifolia subsp. latifolia'!
Could not resolve 'Arctagrostis pooides Nash'!
Could not resolve 'Arctophila brizoides Holm'!
Could not resolve 'Arctophila gracilis Holm'!
Could not resolve 'Arctopoa sect. Arctopoa'!
Could not resolve 'Arctostaphylos pringlei Parry'!
Could not resolve 'Arenaria groenlandica var. groenlandica'!
Could not resolve 'Arenaria rubella fo. rubella'!
Could not resolve 'Argyrochosma limitanea (Maxon) Windham'!
Could not resolve 'Aristida basiramea Engelm. ex Vasey'!
Could not resolve 'Aristolochia gigantea Mart.'!
Could not resolve 'Armeria scabra Willd.'!
Could not resolve 'Armoracia aquatica fo. aquatica'!
Could not resolve 'Arnica lessingii (Torr. & A. Gray) Greene'!
Could not resolve 'Arnica montana L.'!
Could not resolve 'Arnicastrum glandulosum Greenm.'!
Could not resolve 'Arracacia atropurpurea (Lehm.) Hemsl.'!
Could not resolve 'Artemisia borealis var. borealis'!
Could not resolve 'Artemisia ludoviciana Nutt.'!
Could not resolve 'Artemisia scopulorum A. Gray'!
Could not resolve 'Arundinaria tecta (Walter) Muhl.'!
Could not resolve 'Asarum caudatum var. caudatum'!
Could not resolve 'Asarum shuttleworthii var. shuttleworthii'!
Could not resolve 'Asplenium lobulopartitum A. Rojas'!
Could not resolve 'Asplenium platyneuron var. platyneuron'!
Could not resolve 'Asplenium potosinum Hieron.'!
Could not resolve 'Aster glaucodes S.F. Blake'!
Could not resolve 'Aster johannensis var. johannensis'!
Could not resolve 'Aster lateriflorus var. lateriflorus'!
Could not resolve 'Aster nemoralis fo. nemoralis'!
Could not resolve 'Aster praealtus var. praealtus'!
Could not resolve 'Aster radula Sol. ex Aiton'!
Could not resolve 'Aster radula var. radula'!
Could not resolve 'Aster simplex var. simplex'!
Could not resolve 'Aster umbellatus fo. umbellatus'!
Could not resolve 'Aster umbellatus var. umbellatus'!
Could not resolve 'Astragalus aboriginum var. aboriginum'!
Could not resolve 'Astragalus cremnophylax Barneby'!
Could not resolve 'Astragalus desperatus M.E. Jones'!
Could not resolve 'Astragalus eucosmus var. eucosmus'!
Could not resolve 'Astragalus hintonii Barneby'!
Could not resolve 'Astragalus kentrophyta var. kentrophyta'!
Could not resolve 'Astragalus lentiginosus Douglas'!
Could not resolve 'Astragalus lentiginosus var. lentiginosus'!
Could not resolve 'Astragalus miser Douglas'!
Could not resolve 'Astragalus miser var. miser'!
Could not resolve 'Astragalus missouriensis var. missouriensis'!
Could not resolve 'Astragalus preussii A. Gray'!
Could not resolve 'Astragalus robbinsii var. blakei (Eggl.) Barneby'!
Could not resolve 'Astragalus vexilliflexus var. vexilliflexus'!
Could not resolve 'Atamosco atamasco (L.) Greene'!
Could not resolve 'Atamosco simpsonii (Chapm.) Greene'!
Could not resolve 'Atamosco treatiae (S. Watson) Greene'!
Could not resolve 'Athyrium alpestre (Hoppe) Rylands ex T. Moore'!
Could not resolve 'Athyrium asplenioides (Michx.) Eaton'!
Could not resolve 'Atriplex acanthocarpa subsp. acanthocarpa'!
Could not resolve 'Atriplex canescens var. canescens'!
Could not resolve 'Atriplex lentiformis subsp. lentiformis'!
Could not resolve 'Atriplex pentandra (Jacq.) Standl.'!
Could not resolve 'Atriplex serenana var. serenana'!
Could not resolve 'Atriplex truncata (Torr. ex S. Watson) A. Gray'!
Could not resolve 'Ayenia grisea Machuca-Machuca'!
Could not resolve 'Azolla mexicana C. Presl'!
Could not resolve 'Azolla mexicana Schltdl. & Cham. ex Kunze'!
Could not resolve 'Baccharis pilularis DC.'!
Could not resolve 'Bacopa reptans (Benth.) Wettst. ex Edwall'!
Could not resolve 'Baeria fremontii (Torr. ex A. Gray) A. Gray'!
Could not resolve 'Baja brandegeei (D.C. Eaton) Windham & L.O. George'!
Could not resolve 'Baptisia alba (L.) Vent.'!
Could not resolve 'Baptisia tinctoria (L.) Vent.'!
Could not resolve 'Baptisia tinctoria var. tinctoria'!
Could not resolve 'Bartonia albicaulis Douglas'!
Could not resolve 'Bartonia paniculata var. paniculata'!
Could not resolve 'Bathysanthus sinforosa G.L. Nesom'!
Could not resolve 'Bebbia juncea var. juncea'!
Could not resolve 'Begonia xochiatencana J.R. Santiago'!
Could not resolve 'Berberis actinacantha Mart.'!
Could not resolve 'Berberis aquifolium var. aquifolium'!
Could not resolve 'Berberis pinnata subsp. pinnata'!
Could not resolve 'Berlandiera pumila (Michx.) Nutt.'!
Could not resolve 'Bernardia mollis Lundell'!
Could not resolve 'Betula nana subsp. nana'!
Could not resolve 'Betula papyrifera fo. papyrifera'!
Could not resolve 'Betula papyrifera var. papyrifera'!
Could not resolve 'Bidens bidentoides (Nutt.) Britton'!
Could not resolve 'Bidens coronata (L.) Fisch. ex Steud.'!
Could not resolve 'Bidens heterodoxa var. heterodoxa'!
Could not resolve 'Bidens reptans (L.) G. Don'!
Could not resolve 'Billbergia chlorosticta Saunders'!
Could not resolve 'Blakea repens (Ruiz & Pav.) D. Don'!
Could not resolve 'Blakea ricardoi Michelang. & D. Santam.'!
Could not resolve 'Blechnum lherminieri (Bory) C. Chr.'!
Could not resolve 'Blechnum schiedeanum (C. Presl) Hieron.'!
Could not resolve 'Blechnum striatum (Sw.) C. Chr.'!
Could not resolve 'Blennosperma nanum var. nanum'!
Could not resolve 'Boechera williamsii (Rollins) Dorn'!
Could not resolve 'Boehmeria pavonii Wedd.'!
Could not resolve 'Boltonia asteroides var. asteroides'!
Could not resolve 'Borreria pringlei S. Watson'!
Could not resolve 'Botrychium dissectum fo. dissectum'!
Could not resolve 'Botrychium multifidum (S.G. Gmel.) Trevis.'!
Could not resolve 'Bouteloua gracilis (Kunth) Lag. ex Steud.'!
Could not resolve 'Brahea nitida André'!
Could not resolve 'Brassia verrucosa Lindl.'!
Could not resolve 'Braya humilis var. humilis'!
Could not resolve 'Brickellia amplexicaulis B.L. Rob.'!
Could not resolve 'Brickellia arguta B.L. Rob.'!
Could not resolve 'Brickellia eupatorioides var. eupatorioides'!
Could not resolve 'Brickellia microphylla var. microphylla'!
Could not resolve 'Brickellia pendula (Schrad.) A. Gray'!
Could not resolve 'Brickellia wislizeni A. Gray'!
Could not resolve 'Brodiaea californica Lindl.'!
Could not resolve 'Brodiaea californica var. californica'!
Could not resolve 'Brodiaea elegans Hoover'!
Could not resolve 'Brodiaea elegans var. elegans'!
Could not resolve 'Brodiaea scabra (Greene) Baker'!
Could not resolve 'Bromus catharticus var. catharticus'!
Could not resolve 'Bromus commutatus var. apricorum Simonk.'!
Could not resolve 'Bromus commutatus var. commutatus'!
Could not resolve 'Bromus diandrus var. rigidus (Roth) Sales'!
Could not resolve 'Bromus hallii (Hitchc.) Saarela & P.M. Peterson'!
Could not resolve 'Bromus inermis subsp. inermis'!
Could not resolve 'Bromus inermis var. inermis'!
Could not resolve 'Bromus japonicus var. japonicus'!
Could not resolve 'Bromus marginatus Nees'!
Could not resolve 'Bromus pumpellianus subsp. pumpellianus'!
Could not resolve 'Bromus pumpellianus var. pumpellianus'!
Could not resolve 'Brongniartia minutifolia S. Watson'!
Could not resolve 'Brongniartia papyracea Dorado & D.M. Arias'!
Could not resolve 'Bruceholstia magnifolia (Pittier) Morillo'!
Could not resolve 'Brunfelsia nitida Benth.'!
Could not resolve 'Bruniera columbiana Nieuwl.'!
Could not resolve 'Bruniera punctata Nieuwl.'!
Could not resolve 'Bunchosia guatemalensis Nied.'!
Could not resolve 'Burmeistera xiniae Al. Rodr. & D. Solano'!
Could not resolve 'Bursera palmeri S. Watson'!
Could not resolve 'Bursera zapoteca Rzed. & Medina'!
Could not resolve 'Byrsonima spicata (Cav.) DC.'!
Could not resolve 'Caesalpinia jayabo M. Gómez'!
Could not resolve 'Cakile edentula subsp. edentula'!
Could not resolve 'Cakile edentula var. edentula'!
Could not resolve 'Caladium × hortulanum Birdsey'!
Could not resolve 'Calamagrostis neglecta subsp. borealis (C. Laest.) Selander'!
Could not resolve 'Calamagrostis neglecta subsp. neglecta'!
Could not resolve 'Calamagrostis neglecta var. neglecta'!
Could not resolve 'Calamagrostis pickeringii fo. pickeringii'!
Could not resolve 'Calamagrostis pickeringii var. pickeringii'!
Could not resolve 'Calamagrostis stricta subsp. stricta'!
Could not resolve 'Calamovilfa longifolia (Hook.) Hack. ex Scribn. & Southw.'!
Could not resolve 'Calamovilfa longifolia var. longifolia'!
Could not resolve 'Calliandra cumingii Benth.'!
Could not resolve 'Callirhoe involucrata (Torr. & A. Gray) A. Gray'!
Could not resolve 'Callitriche palustris L.'!
Could not resolve 'Calopogon pulchellus R. Br.'!
Could not resolve 'Calopogon pulchellus fo. pulchellus'!
Could not resolve 'Calopogon pulchellus var. pulchellus'!
Could not resolve 'Calydermos scaber Lag.'!
Could not resolve 'Calyptranthes thomasiana O. Berg'!
Could not resolve 'Calyptrogyne sarapiquensis H. Wendl.'!
Could not resolve 'Calystegia macrostegia (Greene) Brummitt'!
Could not resolve 'Calystegia malacophylla (Greene) Munz'!
Could not resolve 'Calystegia occidentalis (A. Gray) Brummitt'!
Could not resolve 'Camassia esculenta Lindl.'!
Could not resolve 'Camassia quamash var. quamash'!
Could not resolve 'Camissonia kernensis (Munz) P.H. Raven'!
Could not resolve 'Camissonia sierrae P.H. Raven'!
Could not resolve 'Campylocentrum amistadense Bogarín'!
Could not resolve 'Campyloneurum concavum R.C. Moran & Labiak'!
Could not resolve 'Campyloneurum fasciale (Humb. & Bonpl. ex Willd.) C. Presl'!
Could not resolve 'Campyloneurum leoniae A. Rojas'!
Could not resolve 'Campyloneurum madrense A. Rojas'!
Could not resolve 'Carex aquatilis var. stans (Drejer) Boott'!
Could not resolve 'Carex argyrantha Tuck. ex Dewey'!
Could not resolve 'Carex bicknellii Britton'!
Could not resolve 'Carex bigelowii fo. bigelowii'!
Could not resolve 'Carex bromoides Schkuhr'!
Could not resolve 'Carex bromoides Schkuhr ex Willd.'!
Could not resolve 'Carex brunnescens var. brunnescens'!
Could not resolve 'Carex bullata Schkuhr ex Willd.'!
Could not resolve 'Carex buxbaumii fo. buxbaumii'!
Could not resolve 'Carex cephalophora var. cephalophora'!
Could not resolve 'Carex communis L.H. Bailey'!
Could not resolve 'Carex conoidea Schkuhr ex Willd.'!
Could not resolve 'Carex exsiccata L.H. Bailey'!
Could not resolve 'Carex festucacea Schkuhr ex Willd.'!
Could not resolve 'Carex gracillima var. gracillima'!
Could not resolve 'Carex granularis var. granularis'!
Could not resolve 'Carex heteroneura W. Boott'!
Could not resolve 'Carex hormathodes fo. hormathodes'!
Could not resolve 'Carex hystericina fo. hystericina'!
Could not resolve 'Carex interior L.H. Bailey'!
Could not resolve 'Carex interior fo. interior'!
Could not resolve 'Carex intumescens fo. intumescens'!
Could not resolve 'Carex intumescens var. intumescens'!
Could not resolve 'Carex jamesii Torr.'!
Could not resolve 'Carex lacustris var. lacustris'!
Could not resolve 'Carex lagopodioides Schkuhr ex Willd.'!
Could not resolve 'Carex laxiflora [unranked] gracillima Boott'!
Could not resolve 'Carex leptalea var. leptalea'!
Could not resolve 'Carex longirostris Torr.'!
Could not resolve 'Carex maritima var. maritima'!
Could not resolve 'Carex polygama Schkuhr'!
Could not resolve 'Carex rariflora fo. erecta Polunin'!
Could not resolve 'Carex retrorsa var. hartii (Dewey) A. Gray'!
Could not resolve 'Carex salina var. subspathacea (Wormsk.) Tuck.'!
Could not resolve 'Carex scoparia fo. scoparia'!
Could not resolve 'Carex scoparia var. scoparia'!
Could not resolve 'Carex sparganioides var. sparganioides'!
Could not resolve 'Carex spissa L.H. Bailey'!
Could not resolve 'Carex stenophylla var. enervis (C.A. Mey.) Kük.'!
Could not resolve 'Carex straminea var. alata (Torr.) L.H. Bailey'!
Could not resolve 'Carex straminea var. invisa W. Boott'!
Could not resolve 'Carex strictior Dewey'!
Could not resolve 'Carex subsect. Gynaecandrae T.V. Egorova'!
Could not resolve 'Carex subspathacea Wormsk.'!
Could not resolve 'Carex tenera var. tenera'!
Could not resolve 'Carex tetanica var. tetanica'!
Could not resolve 'Carex umbellata Schkuhr ex Willd.'!
Could not resolve 'Carex umbellata fo. umbellata'!
Could not resolve 'Carex virescens Willd. ex Kunth'!
Could not resolve 'Carex willdenowii Schkuhr ex Willd.'!
Could not resolve 'Carya glabra var. glabra'!
Could not resolve 'Carya ovata var. ovata'!
Could not resolve 'Casearia nitida Jacq.'!
Could not resolve 'Casearia sanchezii J. Linares & D. Angulo F.'!
Could not resolve 'Castilla elastica Sessé ex Cerv.'!
Could not resolve 'Castilleja exserta (A. Heller) T.I. Chuang & Heckard'!
Could not resolve 'Castilleja pallida (L.) Spreng.'!
Could not resolve 'Cathartolinum medium (Planch.) Small'!
Could not resolve 'Cattleya dowiana Bateman'!
Could not resolve 'Ceanothus gloriosus J.T. Howell'!
Could not resolve 'Ceanothus parvifolius Trel.'!
Could not resolve 'Ceanothus velutinus Douglas'!
Could not resolve 'Centromadia pungens (Hook. & Arn.) Greene'!
Could not resolve 'Cerastium alpinum var. glanduliferum Koch'!
Could not resolve 'Cerastium alpinum var. lanatum (Lam.) Hegetschw.'!
Could not resolve 'Cerastium beeringianum subsp. beeringianum'!
Could not resolve 'Cerastium beeringianum var. beeringianum'!
Could not resolve 'Cerastium nutans var. nutans'!
Could not resolve 'Ceratozamia tenuis (Dyer) D.W. Stev. & Vovides'!
Could not resolve 'Cercocarpus macrophyllus C.K. Schneid.'!
Could not resolve 'Cercocarpus mojadensis C.K. Schneid.'!
Could not resolve 'Cerothamnus carolinensis (Mill.) Tidestr.'!
Could not resolve 'Cestrum chiangi Mont.-Castro'!
Could not resolve 'Cestrum parqui L'Hér.'!
Could not resolve 'Chaenactis douglasii (Hook.) Hook. & Arn.'!
Could not resolve 'Chaenactis douglasii var. douglasii'!
Could not resolve 'Chaenactis douglasii var. rubricaulis (Rydb.) Ferris'!
Could not resolve 'Chaenactis nevadensis (Kellogg) A. Gray'!
Could not resolve 'Chaerophyllum tainturieri var. tainturieri'!
Could not resolve 'Chaetogastra almedae (Todzia) P.J.F. Guim. & Michelang.'!
Could not resolve 'Chaetogastra congestiflora (Todzia) P.J.F. Guim. & Michelang.'!
Could not resolve 'Chaetogastra connata (Gleason ex Todzia) P.J.F. Guim. & Michelang.'!
Could not resolve 'Chaetogastra durangensis (Standl.) P.J.F. Guim. & Michelang.'!
Could not resolve 'Chaetogastra ferrariana (Cogn.) P.J.F. Guim. & Michelang.'!
Could not resolve 'Chaetogastra galeottiana (Naudin) P.J.F. Guim. & Michelang.'!
Could not resolve 'Chaetogastra hintonii (Gleason ex Todzia) P.J.F. Guim. & Michelang.'!
Could not resolve 'Chaetogastra latibracteolata (P.G. Wilson) P.J.F. Guim. & Michelang.'!
Could not resolve 'Chaetogastra longisepala (Cogn.) P.J.F. Guim. & Michelang.'!
Could not resolve 'Chaetogastra macvaughii (Todzia) P.J.F. Guim. & Michelang.'!
Could not resolve 'Chaetogastra monticola (Naudin) P.J.F. Guim. & Michelang.'!
Could not resolve 'Chaetogastra nanifolia (Todzia) P.J.F. Guim. & Michelang.'!
Could not resolve 'Chaetogastra patens (Todzia) P.J.F. Guim. & Michelang.'!
Could not resolve 'Chaetogastra purpusii (Brandegee) P.J.F. Guim. & Michelang.'!
Could not resolve 'Chaetogastra roseotincta (Todzia) P.J.F. Guim. & Michelang.'!
Could not resolve 'Chaetogastra sinaloensis (Todzia) P.J.F. Guim. & Michelang.'!
Could not resolve 'Chaetogastra thulia (Todzia) P.J.F. Guim. & Michelang.'!
Could not resolve 'Chaetopappa asteroides var. asteroides'!
Could not resolve 'Cheilanthes covillei Maxon'!
Could not resolve 'Cheilanthes lanosa (Michx.) D.C. Eaton'!
Could not resolve 'Chenopodium fremontii S. Watson'!
Could not resolve 'Chenopodium fremontii var. fremontii'!
Could not resolve 'Chenopodium gigantospermum Aellen'!
Could not resolve 'Chenopodium incanum var. incanum'!
Could not resolve 'Chenopodium leptophyllum (Moq.) B.D. Jacks.'!
Could not resolve 'Chitonia mexicana DC.'!
Could not resolve 'Chlorospatha croatiana Grayum'!
Could not resolve 'Chorizanthe douglasii Benth.'!
Could not resolve 'Chorizanthe polygonoides Torr. & A. Gray'!
Could not resolve 'Chrysanthemum leucanthemum var. leucanthemum'!
Could not resolve 'Chrysopsis trichophylla (Nutt.) Elliott'!
Could not resolve 'Chrysopsis villosa var. canescens (DC.) A. Gray'!
Could not resolve 'Chrysopsis villosa var. villosa'!
Could not resolve 'Chrysopsis viscida (A. Gray) Greene'!
Could not resolve 'Chrysothamnus pulchellus (A. Gray) Greene'!
Could not resolve 'Chrysothamnus speciosus Nutt.'!
Could not resolve 'Cibotium regale Verschaff. & Lem.'!
Could not resolve 'Cimicifuga racemosa fo. racemosa'!
Could not resolve 'Cimicifuga racemosa var. racemosa'!
Could not resolve 'Cinchona calisaya Wedd.'!
Could not resolve 'Cinnamomum hammelianum (W.C. Burger) Lorea-Hern. ex J.Á. González & Hammel'!
Could not resolve 'Circaea canadensis var. canadensis'!
Could not resolve 'Cirsium acantholepis (Hemsl.) Petr.'!
Could not resolve 'Cirsium coloradense (Rydb.) Cockerell ex Daniels'!
Could not resolve 'Cirsium discolor fo. discolor'!
Could not resolve 'Cirsium eatonii (A. Gray) B.L. Rob.'!
Could not resolve 'Cirsium fontinale (Greene) Jeps.'!
Could not resolve 'Cirsium fontinale var. fontinale'!
Could not resolve 'Cirsium hydrophilum (Greene) Jeps.'!
Could not resolve 'Cirsium jorullense (Kunth) Spreng.'!
Could not resolve 'Cirsium ochrocentrum var. ochrocentrum'!
Could not resolve 'Cirsium pumilum (Nutt.) Spreng.'!
Could not resolve 'Cirsium tioganum (Congdon) Petr.'!
Could not resolve 'Cirsium undulatum (Nutt.) Spreng.'!
Could not resolve 'Cirsium undulatum var. undulatum'!
Could not resolve 'Cirsium vaseyi (A. Gray) Jeps.'!
Could not resolve 'Cissus mexicana DC.'!
Could not resolve 'Citharexylum scabrum Sessé & Moc. ex D. Don'!
Could not resolve 'Citharexylum standleyi Moldenke'!
Could not resolve 'Cladium mariscoides fo. mariscoides'!
Could not resolve 'Clarkia borealis E. Small'!
Could not resolve 'Clarkia speciosa F.H. Lewis & M.E.Lewis'!
Could not resolve 'Clarkia tembloriensis Vasek'!
Could not resolve 'Claytonia exigua Douglas ex Torr. & A. Gray'!
Could not resolve 'Claytonia rubra subsp. rubra'!
Could not resolve 'Claytonia tuberosa Pall. ex Willd.'!
Could not resolve 'Cleomella mexicana DC.'!
Could not resolve 'Clidemia ciliata Pav. ex D. Don'!
Could not resolve 'Clusia guabalensis Luján & J. Aranda'!
Could not resolve 'Coelopleurum lucidum fo. lucidum'!
Could not resolve 'Cogswellia utriculata (Nutt. ex Torr. & A. Gray) M.E. Jones'!
Could not resolve 'Coleosanthus squarrosus [unranked] oligadenus (B.L. Rob.) S.F. Blake'!
Could not resolve 'Collinsia grandiflora Lindl.'!
Could not resolve 'Collinsia heterophylla Graham'!
Could not resolve 'Collinsia parviflora Lindl.'!
Could not resolve 'Collomia linearis (Cav.) Nutt.'!
Could not resolve 'Commelina dianthifolia Delile'!
Could not resolve 'Condalia globosa I.M. Johnst.'!
Could not resolve 'Condalia warnockii M.C. Johnst.'!
Could not resolve 'Condylocarpon intermedium Müll. Arg.'!
Could not resolve 'Conyza coulteri A. Gray'!
Could not resolve 'Conyza sumatrensis var. sumatrensis'!
Could not resolve 'Copernicia nana (Kunth) Liebm. ex Hemsl.'!
Could not resolve 'Copernicia nana (Kunth) Mart.'!
Could not resolve 'Cordylanthus pilosus A. Gray'!
Could not resolve 'Coreocarpus arizonicus (A. Gray) S.F. Blake'!
Could not resolve 'Coreopsis mexicana (DC.) Hemsl.'!
Could not resolve 'Coreopsis mutica DC.'!
Could not resolve 'Cornus stolonifera fo. stolonifera'!
Could not resolve 'Cornus stolonifera var. stolonifera'!
Could not resolve 'Coronopus procumbens Gilib.'!
Could not resolve 'Corydalis aurea subsp. aurea'!
Could not resolve 'Corydalis aurea var. aurea'!
Could not resolve 'Corydalis curvisiliqua Engelm. ex A. Gray'!
Could not resolve 'Corydalis pseudomicrantha Fedde'!
Could not resolve 'Corylus cornuta fo. cornuta'!
Could not resolve 'Coryphantha hintoniorum Dicht & A. Lüthy'!
Could not resolve 'Coryphantha macromeris (Engelm.) Lem.'!
Could not resolve 'Cosmos pacificus Melchert'!
Could not resolve 'Cotula minuta (L. f.) Schinz'!
Could not resolve 'Coursetia caribaea (Jacq.) Lavin'!
Could not resolve 'Coussarea suaveolens (Duchass.) C.M. Taylor & J.G. Jardim'!
Could not resolve 'Crassula arborescens Willd.'!
Could not resolve 'Crataegus beata var. beata'!
Could not resolve 'Crataegus brainerdii var. brainerdii'!
Could not resolve 'Crataegus brainerdii var. egglestonii (Sarg.) B.L. Rob.'!
Could not resolve 'Crataegus chrysocarpa fo. chrysocarpa'!
Could not resolve 'Crataegus chrysocarpa var. chrysocarpa'!
Could not resolve 'Crataegus flabellata var. flabellata'!
Could not resolve 'Crataegus grandifolia J.B. Phipps'!
Could not resolve 'Crataegus holmesiana var. holmesiana'!
Could not resolve 'Crataegus irrasa var. irrasa'!
Could not resolve 'Crataegus pedicellata var. pedicellata'!
Could not resolve 'Cremosperma colonense L.E. Skog, Barrie & McPherson'!
Could not resolve 'Crinum erubescens Aiton'!
Could not resolve 'Critonia nubigenus (Benth.) R.M. King & H. Rob.'!
Could not resolve 'Croton suaveolens Torr.'!
Could not resolve 'Cryptantha cinerea (Greene) Cronquist'!
Could not resolve 'Ctenitis leonii A. Rojas'!
Could not resolve 'Ctenodon acapulcensis (Rose) A. Delgado'!
Could not resolve 'Ctenodon compactus (Rose) A. Delgado'!
Could not resolve 'Ctenodon fascicularis (Schltdl. & Cham.) A. Delgado'!
Could not resolve 'Ctenodon hintonii (Sandwith) A. Delgado'!
Could not resolve 'Ctenodon langlassei (Micheli ex Rudd) A. Delgado'!
Could not resolve 'Ctenodon lyonnetii (Rudd) A. Delgado'!
Could not resolve 'Ctenodon mucronulatus (Benth. ex Hemsl.) A. Delgado'!
Could not resolve 'Ctenodon nicaraguensis (Oerst.) A. Delgado'!
Could not resolve 'Ctenodon niveus (Brandegee) A. Delgado'!
Could not resolve 'Ctenodon palmeri (Rose) A. Delgado'!
Could not resolve 'Ctenodon paniculatus (Willd. ex Vogel) D.B.O.S. Cardoso, P.L.R. Moraes & H.C. Lima'!
Could not resolve 'Ctenodon paucifoliolatus (Micheli) A. Delgado'!
Could not resolve 'Ctenodon petraeus (B.L. Rob.) A. Delgado'!
Could not resolve 'Ctenodon petraeus var. grandiflorus (Rudd) A. Delgado'!
Could not resolve 'Ctenodon petraeus var. madrensis (Micheli) A. Delgado'!
Could not resolve 'Ctenodon pinetorum (Brandegee) A. Delgado'!
Could not resolve 'Ctenodon purpusii (Brandegee) A. Delgado'!
Could not resolve 'Ctenodon rosei (C.V. Morton) A. Delgado'!
Could not resolve 'Ctenodon simulans (Rose) A. Delgado'!
Could not resolve 'Ctenodon sousae (Rudd ex A. Delgado & Sotuyo) A. Delgado'!
Could not resolve 'Ctenodon standleyi (Ant. Molina) A. Delgado'!
Could not resolve 'Ctenodon vigil (Brandegee) A. Delgado'!
Could not resolve 'Ctenodon viscidulus (Michx.) D.B.O.S. Cardoso & A. Delgado'!
Could not resolve 'Cuscuta glabrior (Engelm.) Yunck.'!
Could not resolve 'Cuscuta gracillima Engelm.'!
Could not resolve 'Cuscuta gronovii Willd.'!
Could not resolve 'Cuscuta pentagona Engelm.'!
Could not resolve 'Cuscuta potosina W. Schaffn. ex Engelm.'!
Could not resolve 'Cyathea nigripes (C. Chr.) Domin'!
Could not resolve 'Cyathea × hybrida A. Rojas'!
Could not resolve 'Cyclanthera naudiniana Cogn.'!
Could not resolve 'Cymbalaria muralis subsp. muralis'!
Could not resolve 'Cymbiglossum apterum (Lex.) Halb.'!
Could not resolve 'Cymbiglossum cervantesii (Lex.) Halb.'!
Could not resolve 'Cymbiglossum maculatum (Lex.) Halb.'!
Could not resolve 'Cymbiglossum stellatum (Lindl.) Halb.'!
Could not resolve 'Cymopterus corrugatus M.E. Jones'!
Could not resolve 'Cymopterus panamintensis var. panamintensis'!
Could not resolve 'Cynodon dactylon var. dactylon'!
Could not resolve 'Cyperus diandrus Torr.'!
Could not resolve 'Cyperus diandrus fo. diandrus'!
Could not resolve 'Cyperus rigens J. Presl & C. Presl'!
Could not resolve 'Cyperus rivularis fo. rivularis'!
Could not resolve 'Cyperus schaffneri Boeckeler'!
Could not resolve 'Cypripedium humboldtii Warsz.'!
Could not resolve 'Cypripedium reginae fo. reginae'!
Could not resolve 'Cystopteris fragilis subsp. dickieana (R. Sim) Hyl.'!
Could not resolve 'Dahlia scapigera (A. Dietr.) Knowles & Westc.'!
Could not resolve 'Dahlia scapigeroides Sherff'!
Could not resolve 'Dalea botterii (Rydb.) Barneby'!
Could not resolve 'Dalea candida var. candida'!
Could not resolve 'Dalea holwayi Rose'!
Could not resolve 'Dalea purpurea var. purpurea'!
Could not resolve 'Dalea scandens (Mill.) R.T. Clausen'!
Could not resolve 'Danaea epilithica A. Rojas'!
Could not resolve 'Danaea megaphylla A. Rojas'!
Could not resolve 'Danaea moralesiana A. Rojas'!
Could not resolve 'Danthonia thermale Scribn.'!
Could not resolve 'Dasylirion wheeleri S. Watson'!
Could not resolve 'Delphinium nuttallianum Pritz.'!
Could not resolve 'Delphinium scopulorum A. Gray'!
Could not resolve 'Deringa canadensis Kuntze'!
Could not resolve 'Dermatophyllum gypsophilum (B.L. Turner & A.M. Powell) Vincent'!
Could not resolve 'Deschampsia cespitosa var. glauca (Hartm.) Sam.'!
Could not resolve 'Deschampsia cespitosa var. parviflora (Thuill.) Coss. & Germ.'!
Could not resolve 'Deschampsia flexuosa var. flexuosa'!
Could not resolve 'Descurainia incisa (Engelm. ex A. Gray) Britton'!
Could not resolve 'Descurainia richardsonii O.E. Schulz'!
Could not resolve 'Desmodium marilandicum Boott ex Darl.'!
Could not resolve 'Desmopsis confusa G.E. Schatz, N. Zamora & Maas'!
Could not resolve 'Diaperia prolifera var. prolifera'!
Could not resolve 'Dicentra formosa subsp. formosa'!
Could not resolve 'Dichaea balami Archila, Chiron & Szlach.'!
Could not resolve 'Dichanthelium acuminatum var. densiflorum (E.L. Rand & Redfield) Gould & C.A. Clark'!
Could not resolve 'Dichanthelium dichotomum var. dichotomum'!
Could not resolve 'Dichanthelium sphaerocarpon var. sphaerocarpon'!
Could not resolve 'Dichelostemma capitatum subsp. capitatum'!
Could not resolve 'Dichorisandra mosaica Linden'!
Could not resolve 'Dicksonia sellowiana Hook.'!
Could not resolve 'Dictyanthus reticulatus (Turcz.) Benth. & Hook. f. ex Hemsl.'!
Could not resolve 'Didymopanax pittieri Marchal'!
Could not resolve 'Dieteria asteroides var. asteroides'!
Could not resolve 'Dieteria bigelovii var. bigelovii'!
Could not resolve 'Dieteria canescens var. canescens'!
Could not resolve 'Digitaria ischaemum var. ischaemum'!
Could not resolve 'Digitaria sanguinalis fo. sanguinalis'!
Could not resolve 'Digitaria sanguinalis var. sanguinalis'!
Could not resolve 'Dioon tomasellii De Luca, Sabato & Vázq. Torres'!
Could not resolve 'Diplazium chirripoense A. Rojas'!
Could not resolve 'Diplazium cornutum A. Rojas'!
Could not resolve 'Diplazium crassirhizoma A. Rojas'!
Could not resolve 'Diplazium pseudocarnosum A. Rojas'!
Could not resolve 'Diplazium salazarianum A. Rojas'!
Could not resolve 'Diplazium wilsonii (Baker) Diels'!
Could not resolve 'Dipsacus fullonum L.'!
Could not resolve 'Doellingeria breweri (A. Gray) Semple, Brouillet & G.A. Allen'!
Could not resolve 'Downingia pusilla (G. Don) Torr.'!
Could not resolve 'Draba arabisans var. arabisans'!
Could not resolve 'Draba glabella var. glabella'!
Could not resolve 'Draba norvegica var. norvegica'!
Could not resolve 'Draba rupestris var. leiocarpa O.E. Schulz'!
Could not resolve 'Draba rupestris var. rupestris'!
Could not resolve 'Dracontia megachlamys (Schltr.) Archila'!
Could not resolve 'Dryas integrifolia fo. integrifolia'!
Could not resolve 'Drymaria leptophylla (Cham. & Schltdl.) Fenzl ex Rohrb.'!
Could not resolve 'Drymaria lyropetala I.M. Johnst.'!
Could not resolve 'Dryopteris intermedia (Willd.) A. Gray'!
Could not resolve 'Dudleya virens (Rose) Moran'!
Could not resolve 'Dugaldia hoopesii (A. Gray) Rydb.'!
Could not resolve 'Dupontia psilosantha Rupr.'!
Could not resolve 'Dyckia confusa L.B. Sm.'!
Could not resolve 'Dyckia remotiflora Otto & A. Dietr.'!
Could not resolve 'Echeveria michihuacana de la Cruz-López, J. Reyes & Vergara-Silva'!
Could not resolve 'Echinacea paradoxa (Norton) Britton'!
Could not resolve 'Echinacea paradoxa var. paradoxa'!
Could not resolve 'Echinocereus fasciculatus (Engelm. ex S. Watson) L.D. Benson'!
Could not resolve 'Echinocereus lindsayi J. Meyrán'!
Could not resolve 'Echinocereus papillosus Linke ex Haage'!
Could not resolve 'Echinocereus pentalophus (DC.) J.N. Haage'!
Could not resolve 'Echinocereus stramineus (Engelm.) Rümpler'!
Could not resolve 'Echinochloa muricata var. muricata'!
Could not resolve 'Echinodorus rostratus (Nutt.) Engelm. ex A. Gray'!
Could not resolve 'Echinodorus rostratus var. rostratus'!
Could not resolve 'Echinopsis oxygona (Link) Zucc.'!
Could not resolve 'Echites barbatus Sessé & Moc.'!
Could not resolve 'Echites veraguasensis Seem.'!
Could not resolve 'Eclipta longifolia Raf.'!
Could not resolve 'Elaphoglossum alfredii Rosenst.'!
Could not resolve 'Elaphoglossum furfuraceum (Mett. ex Kuhn) Christ'!
Could not resolve 'Elaphoglossum hernandeziae A. Rojas'!
Could not resolve 'Elaphoglossum pallidum (Baker ex Jenman) C. Chr.'!
Could not resolve 'Elaphoglossum piloselloides (C. Presl) T. Moore'!
Could not resolve 'Elaphoglossum subarborescens Rosenst.'!
Could not resolve 'Electranthera mutica (DC.) Mesfin, D.J. Crawford & Pruski'!
Could not resolve 'Eleocharis elliptica var. elliptica'!
Could not resolve 'Eleocharis mamillata H. Lindb.'!
Could not resolve 'Eleocharis mitrata Franch. & Sav. ex Makino'!
Could not resolve 'Eleocharis palustris var. palustris'!
Could not resolve 'Eleocharis parvula var. parvula'!
Could not resolve 'Eleocharis pygmora Torr.'!
Could not resolve 'Elymus alaskanus subsp. alaskanus'!
Could not resolve 'Elymus ampliculmis Prov.'!
Could not resolve 'Elymus lanceolatus subsp. lanceolatus'!
Could not resolve 'Elymus lanceolatus subsp. riparius (Scribn. & J.G. Sm.) Barkworth'!
Could not resolve 'Elymus trachycaulus subsp. trachycaulus'!
Could not resolve 'Elytrigia dasystachya subsp. dasystachya'!
Could not resolve 'Elytrigia repens (L.) Desv. ex Nevski'!
Could not resolve 'Encelia californica var. californica'!
Could not resolve 'Enceliopsis argophylla (D.C. Eaton) A. Nelson'!
Could not resolve 'Encyclia cochleata (L.) Lemée'!
Could not resolve 'Enterosora amplifolia A. Rojas'!
Could not resolve 'Enterosora lobulata A. Rojas'!
Could not resolve 'Epidendrum pseudepidendrum Rchb. f.'!
Could not resolve 'Epidendrum skinneri Bateman ex Lindl.'!
Could not resolve 'Epidendrum skinneri var. superbum R. Warner'!
Could not resolve 'Epilobium glaberrimum Barbey'!
Could not resolve 'Epilobium glandulosum var. glandulosum'!
Could not resolve 'Epilobium hornemannii fo. albiflorum Moldenke'!
Could not resolve 'Epiphyllum anguliferum G. Don ex Loudon'!
Could not resolve 'Epithelantha micromeris subsp. polycephala (Backeb.) Glass'!
Could not resolve 'Equisetum laevigatum A. Braun'!
Could not resolve 'Equisetum variegatum subsp. variegatum'!
Could not resolve 'Eragrostis mexicana subsp. mexicana'!
Could not resolve 'Eragrostis mexicana var. mexicana'!
Could not resolve 'Eragrostis pectinacea var. pectinacea'!
Could not resolve 'Eragrostis rufescens Schrad. ex Schult.'!
Could not resolve 'Eragrostis trichocolea Hack. & Arechav.'!
Could not resolve 'Erechtites hieraciifolia (L.) Raf.'!
Could not resolve 'Eremogone congesta (Nutt.) Ikonn.'!
Could not resolve 'Ericameria cooperi (A. Gray) H.M. Hall'!
Could not resolve 'Ericameria cuneata (A. Gray) McClatchie'!
Could not resolve 'Ericameria nauseosa var. nauseosa'!
Could not resolve 'Ericameria parishii (Greene) H.M. Hall'!
Could not resolve 'Ericameria parryi var. parryi'!
Could not resolve 'Erigeron annuus fo. annuus'!
Could not resolve 'Erigeron annuus var. annuus'!
Could not resolve 'Erigeron aphanactis (A. Gray) Greene'!
Could not resolve 'Erigeron aphanactis var. aphanactis'!
Could not resolve 'Erigeron chiangii G.L. Nesom'!
Could not resolve 'Erigeron concinnus (Hook. & Arn.) Torr. & A. Gray'!
Could not resolve 'Erigeron concinnus var. concinnus'!
Could not resolve 'Erigeron foliosus var. foliosus'!
Could not resolve 'Erigeron foliosus var. stenophyllus (Nutt.) A. Gray in W.H. Brewer & al.'!
Could not resolve 'Erigeron formosissimus var. formosissimus'!
Could not resolve 'Erigeron geiseri Shinners'!
Could not resolve 'Erigeron gypsoverus G.L. Nesom'!
Could not resolve 'Erigeron hyssopifolius var. hyssopifolius'!
Could not resolve 'Erigeron inornatus (A. Gray) A. Gray'!
Could not resolve 'Erigeron inornatus var. inornatus'!
Could not resolve 'Erigeron oreophilus Greenm.'!
Could not resolve 'Erigeron peregrinus (Banks ex Pursh) Greene'!
Could not resolve 'Erigeron peregrinus var. peregrinus'!
Could not resolve 'Erigeron poliospermus var. poliospermus'!
Could not resolve 'Erigeron pulchellus var. pulchellus'!
Could not resolve 'Erigeron uncialis S.F. Blake'!
Could not resolve 'Eriochloa punctata (L.) Desv. ex Ham.'!
Could not resolve 'Eriogonum baileyi S. Watson'!
Could not resolve 'Eriogonum hoffmannii S. Stokes'!
Could not resolve 'Eriogonum kingii Torr. & A. Gray'!
Could not resolve 'Eriogonum prociduum Reveal'!
Could not resolve 'Eriogonum zionis J.T. Howell'!
Could not resolve 'Eriophorum angustifolium var. majus Schultz'!
Could not resolve 'Eriophorum viridicarinatum fo. viridicarinatum'!
Could not resolve 'Eriophyllum confertiflorum var. confertiflorum'!
Could not resolve 'Eryngium castrense Jeps.'!
Could not resolve 'Erysimum capitatum (Douglas ex Hook.) Greene'!
Could not resolve 'Erysimum insulare Greene'!
Could not resolve 'Erythranthe howaldiae G.L. Nesom'!
Could not resolve 'Erythrina breviflora DC.'!
Could not resolve 'Erythrina horrida DC.'!
Could not resolve 'Erythronium umbilicatum C.R. Parks & Hardin'!
Could not resolve 'Eschscholzia elegans Greene'!
Could not resolve 'Eucharis plicata Meerow'!
Could not resolve 'Eupatorium donnell-smithii J.M. Coult.'!
Could not resolve 'Eupatorium dubium fo. dubium'!
Could not resolve 'Eupatorium leucolepis var. leucolepis'!
Could not resolve 'Eupatorium prionophyllum B.L. Rob.'!
Could not resolve 'Eupatorium purpusii Brandegee'!
Could not resolve 'Eupatorium rugosum fo. rugosum'!
Could not resolve 'Eupatorium rugosum var. rugosum'!
Could not resolve 'Euphorbia austrotexana Mayfield'!
Could not resolve 'Euphorbia melanadenia Torr.'!
Could not resolve 'Euphrasia williamsii var. williamsii'!
Could not resolve 'Euthamia graminifolia var. graminifolia'!
Could not resolve 'Eutrochium purpureum var. purpureum'!
Could not resolve 'Evax caulescens (Benth.) A. Gray'!
Could not resolve 'Evax sparsiflora (A. Gray) Jeps.'!
Could not resolve 'Facelis retusa (Lam.) Sch. Bip.'!
Could not resolve 'Fagus grandifolia var. grandifolia'!
Could not resolve 'Fallopia japonica var. japonica'!
Could not resolve 'Faramea foreroana C.M. Taylor'!
Could not resolve 'Faramea fosteri C.M. Taylor'!
Could not resolve 'Faramea grayumiana C.M. Taylor'!
Could not resolve 'Faramea stoneana C.M. Taylor'!
Could not resolve 'Ferocactus emoryi (Engelm.) Orcutt'!
Could not resolve 'Festuca amplissima Rupr.'!
Could not resolve 'Festuca brachyphylla subsp. brachyphylla'!
Could not resolve 'Festuca ovina var. capillata (Lam.) Mathieu'!
Could not resolve 'Festuca ovina var. duriuscula (L.) W.D.J. Koch'!
Could not resolve 'Festuca ovina var. rubra (L.) Sm.'!
Could not resolve 'Festuca poaeoides Michx.'!
Could not resolve 'Festuca scabrella Torr.'!
Could not resolve 'Festuca subulata var. subulata'!
Could not resolve 'Festuca trachyphylla (Hack.) Krajina'!
Could not resolve 'Filipendula ulmaria var. ulmaria'!
Could not resolve 'Fimbristylis autumnalis fo. autumnalis'!
Could not resolve 'Fimbristylis autumnalis var. autumnalis'!
Could not resolve 'Fragaria vesca L.'!
Could not resolve 'Fragaria vesca fo. vesca'!
Could not resolve 'Fragaria vesca var. vesca'!
Could not resolve 'Fragaria virginiana var. virginiana'!
Could not resolve 'Fragaria × ananassa Duchesne ex Rozier'!
Could not resolve 'Fraxinus pennsylvanica fo. pennsylvanica'!
Could not resolve 'Fraxinus pennsylvanica var. pennsylvanica'!
Could not resolve 'Fuchsia encliandra Steud.'!
Could not resolve 'Furcraea cabuya Trel.'!
Could not resolve 'Gaillardia candelaria B.L. Turner'!
Could not resolve 'Galium grayanum Ehrend.'!
Could not resolve 'Galium obtusum var. obtusum'!
Could not resolve 'Galphimia elegans Baill.'!
Could not resolve 'Garrya laurifolia Hartw. ex Benth.'!
Could not resolve 'Gaylussacia dumosa (Andrews) A. Gray'!
Could not resolve 'Gentiana andrewsii fo. andrewsii'!
Could not resolve 'Geranium maculatum fo. maculatum'!
Could not resolve 'Gerardia maritima var. maritima'!
Could not resolve 'Gerardia paupercula fo. paupercula'!
Could not resolve 'Gerardia paupercula var. borealis Deam'!
Could not resolve 'Gerardia paupercula var. paupercula'!
Could not resolve 'Gerardia skinneriana Alph. Wood'!
Could not resolve 'Geum calthifolium Sm.'!
Could not resolve 'Geum canadense fo. canadense'!
Could not resolve 'Geum canadense var. canadense'!
Could not resolve 'Geum macrophyllum var. macrophyllum'!
Could not resolve 'Gilibertia arborea (L.) Marchal'!
Could not resolve 'Glandularia bipinnatifida (Nutt.) Nutt.'!
Could not resolve 'Glehnia littoralis F. Schmidt ex Miq.'!
Could not resolve 'Gliricidia maculata (Kunth) Kunth ex Walp.'!
Could not resolve 'Glockeria glabra Leonard'!
Could not resolve 'Glyceria septentrionalis var. septentrionalis'!
Could not resolve 'Glyceria spectabilis Mert. & Koch'!
Could not resolve 'Gongora fulva Lindl.'!
Could not resolve 'Graptopetalum saxifragoides Kimnach'!
Could not resolve 'Greigia columbiana L.B. Sm.'!
Could not resolve 'Grindelia inuloides var. inuloides'!
Could not resolve 'Grindelia lanceolata var. lanceolata'!
Could not resolve 'Grindelia squarrosa var. squarrosa'!
Could not resolve 'Guardiola tulocarpus A. Gray'!
Could not resolve 'Guatteria costaricensis R.E. Fr.'!
Could not resolve 'Guilleminea densa (Humb. & Bonpl. ex Schult.) Moq.'!
Could not resolve 'Gutierrezia texana var. texana'!
Could not resolve 'Gymnocarpium dryopteris var. dryopteris'!
Could not resolve 'Habenaria hyperborea var. hyperborea'!
Could not resolve 'Habenaria lacera (Michx.) R. Br.'!
Could not resolve 'Habenaria lacera var. lacera'!
Could not resolve 'Habenaria orbiculata var. orbiculata'!
Could not resolve 'Habenaria psycodes fo. psycodes'!
Could not resolve 'Habenaria psycodes var. psycodes'!
Could not resolve 'Hackelia diffusa (Lehm.) I.M. Johnst.'!
Could not resolve 'Hackelia hispida (A. Gray) I.M. Johnst.'!
Could not resolve 'Haploesthes greggii var. greggii'!
Could not resolve 'Haplopappus cuneatus unranked spathulatus (A. Gray) S.F. Blake'!
Could not resolve 'Haplopappus fremontii A. Gray'!
Could not resolve 'Harrisia eriophora (hort. ex Pfeiff.) Britton'!
Could not resolve 'Harrisia tortuosa (J. Forbes ex Otto & A. Dietr.) Britton & Rose'!
Could not resolve 'Hauya elegans DC.'!
Could not resolve 'Hazardia squarrosa var. squarrosa'!
Could not resolve 'Hazardia whitneyi (A. Gray) Greene'!
Could not resolve 'Hazardia whitneyi var. whitneyi'!
Could not resolve 'Hechtia elegans Siekkinen, Hern.-Cárdenas, López-Ferr. & Espejo'!
Could not resolve 'Hechtia ensifolia Hern.-Cárdenas, Siekkinen, López-Ferr. & Espejo'!
Could not resolve 'Hechtia medusae Hern.-Cárdenas, Siekkinen, López-Ferr. & Espejo'!
Could not resolve 'Hechtia platyphylla Hern.-Cárdenas, Siekkinen, López-Ferr. & Espejo'!
Could not resolve 'Hechtia pycnostachya Hern.-Cárdenas, Siekkinen, López-Ferr. & Espejo'!
Could not resolve 'Hedeoma costata A. Gray'!
Could not resolve 'Hedeoma reverchonii A. Gray'!
Could not resolve 'Helenium amarum var. amarum'!
Could not resolve 'Helianthella gypsophila B.L. Turner'!
Could not resolve 'Helianthella uniflora (Nutt.) Torr. & A. Gray'!
Could not resolve 'Helianthus mollis Lam.'!
Could not resolve 'Helianthus mollis var. mollis'!
Could not resolve 'Heliconia bihai L.'!
Could not resolve 'Heliconia irrasa Lane ex R.R. Sm.'!
Could not resolve 'Heliocereus aurantiacus Kimnach'!
Could not resolve 'Heliomeris longifolia (B.L. Rob. & Greenm.) Cockerell'!
Could not resolve 'Heliopsis helianthoides var. helianthoides'!
Could not resolve 'Heliotropium fallax I.M. Johnst.'!
Could not resolve 'Hemicarpha micrantha (Vahl) Pax'!
Could not resolve 'Hemizonia pungens (Hook. & Arn.) Torr. & A. Gray'!
Could not resolve 'Hesperevax acaulis var. acaulis'!
Could not resolve 'Hesperevax sparsiflora (A. Gray) Greene'!
Could not resolve 'Hesperevax sparsiflora var. sparsiflora'!
Could not resolve 'Hesperostipa comata subsp. comata'!
Could not resolve 'Heterocentron breedlovei (Wurdack) P.J.F. Guim. & Michelang.'!
Could not resolve 'Heterocentron chiapense (Wurdack) P.J.F. Guim. & Michelang.'!
Could not resolve 'Heterotheca camporum var. camporum'!
Could not resolve 'Heterotheca hyssopifolia (Nutt.) R.W. Long'!
Could not resolve 'Hexastylis speciosa R.M. Harper'!
Could not resolve 'Hicoria cordiformis (Wangenh.) Britton'!
Could not resolve 'Hicoria ovata (Mill.) Britton'!
Could not resolve 'Hidalgoa wercklei (J.L. Childs) Hook. f.'!
Could not resolve 'Hieracium parryi Zahn'!
Could not resolve 'Hippeastrum aulicum Herb.'!
Could not resolve 'Hippeastrum puniceum (Lam.) Kuntze'!
Could not resolve 'Hippeastrum puniceum (Lam.) Urb.'!
Could not resolve 'Hoffmannia uxpanapense Cast.-Campos & Baut.-Bello'!
Could not resolve 'Holodiscus dumosus (S. Watson) A. Heller'!
Could not resolve 'Honkenya peploides subsp. diffusa Hultén'!
Could not resolve 'Hordeum brachyantherum subsp. brachyantherum'!
Could not resolve 'Houstonia humifusa (A. Gray) A. Gray'!
Could not resolve 'Hudsonia tomentosa var. tomentosa'!
Could not resolve 'Hulsea californica Torr. & A. Gray in War Department [U.S.]'!
Could not resolve 'Hulsea vestita A. Gray'!
Could not resolve 'Huperzia selago var. selago'!
Could not resolve 'Hydrangea peruviana Moric.'!
Could not resolve 'Hygrophila guianensis Nees'!
Could not resolve 'Hylocereus minutiflorus Britton & Rose'!
Could not resolve 'Hymenoclea salsola var. salsola'!
Could not resolve 'Hymenopappus corymbosus Torr. & A. Gray'!
Could not resolve 'Hymenopappus flavescens A. Gray'!
Could not resolve 'Hymenopappus flavescens var. flavescens'!
Could not resolve 'Hymenoxys acaulis var. acaulis'!
Could not resolve 'Hymenoxys richardsonii var. richardsonii'!
Could not resolve 'Hypericum punctatum fo. punctatum'!
Could not resolve 'Hypericum punctatum var. punctatum'!
Could not resolve 'Hypericum sect. Trigynobrathys (Y. Kimura) N. Robson'!
Could not resolve 'Hypolepis rigescens (Kunze ex Mart.) T. Moore'!
Could not resolve 'Hypoxis hirsuta fo. hirsuta'!
Could not resolve 'Ilex krugiana Loes.'!
Could not resolve 'Ilex opaca var. opaca'!
Could not resolve 'Inga coprocarpa N. Zamora & Poveda'!
Could not resolve 'Inga recordii Britton & Rose'!
Could not resolve 'Inga umbilicata (N. Zamora & T.D. Penn.) N. Zamora'!
Could not resolve 'Ipomoea batatoides Choisy'!
Could not resolve 'Ipomoea funis Schltdl. & Cham.'!
Could not resolve 'Ipomoea rhodocalyx A. Gray'!
Could not resolve 'Iresine diffusa Torr.'!
Could not resolve 'Isocoma acradenia var. acradenia'!
Could not resolve 'Isocoma menziesii var. menziesii'!
Could not resolve 'Isoetes braunii Unger'!
Could not resolve 'Isoetes macrospora Durieu'!
Could not resolve 'Isoetes tuckermanii subsp. tuckermanii'!
Could not resolve 'Isoetes virginica N. Pfeiff.'!
Could not resolve 'Ivesia baileyi S. Watson'!
Could not resolve 'Jatropha peltata Cerv.'!
Could not resolve 'Juncus acuminatus fo. acuminatus'!
Could not resolve 'Juncus acutiflorus Ehrh.'!
Could not resolve 'Juncus alpinoarticulatus Vill.'!
Could not resolve 'Juncus gerardii var. gerardii'!
Could not resolve 'Juncus triformis Engelm.'!
Could not resolve 'Juniperus monticola Martínez'!
Could not resolve 'Justicia heterophylla Cham. & Schltdl.'!
Could not resolve 'Justicia insolita Brandegee'!
Could not resolve 'Koeleria cristata Pers.'!
Could not resolve 'Krigia cespitosa var. cespitosa'!
Could not resolve 'Lachemilla pinnata (Ruiz & Pav.) Rothm.'!
Could not resolve 'Lacunaria crenata subsp. crenata'!
Could not resolve 'Lagascea decipiens var. decipiens'!
Could not resolve 'Langloisia setosissima (Torr. & A. Gray) Greene'!
Could not resolve 'Lappula echinata Gilib.'!
Could not resolve 'Lasiacis oaxacensis (Steud.) Hitchc.'!
Could not resolve 'Lasiacis ruscifolia (Kunth) Hitchc.'!
Could not resolve 'Lathyrus japonicus subsp. japonicus'!
Could not resolve 'Lathyrus nevadensis subsp. lanceolatus (Howell) C.L. Hitchc.'!
Could not resolve 'Lechea intermedia var. intermedia'!
Could not resolve 'Lechea mucronata Raf.'!
Could not resolve 'Lecostemon terniflorum DC.'!
Could not resolve 'Ledum groenlandicum fo. groenlandicum'!
Could not resolve 'Ledum latifolium Aiton'!
Could not resolve 'Leersia oryzoides fo. oryzoides'!
Could not resolve 'Leersia oryzoides var. oryzoides'!
Could not resolve 'Leontodon hastilis var. vulgaris W.D.J. Koch'!
Could not resolve 'Lepanthes amicitiae Bogarín & Pupulin'!
Could not resolve 'Lepanthes genetoapophantica Bogarín & Gravend.'!
Could not resolve 'Lepanthes veleziana Stimson'!
Could not resolve 'Lepidium dictyotum A. Gray'!
Could not resolve 'Lepidium gerloffianum Vatke ex Thell.'!
Could not resolve 'Lepidium oxycarpum Torr. & A. Gray'!
Could not resolve 'Lepidium strictum (S. Watson) Rattan'!
Could not resolve 'Leptotaenia bradshawii Rose ex Mathias'!
Could not resolve 'Lesquerella alpina (Nutt.) S. Watson'!
Could not resolve 'Lessingia glandulifera var. glandulifera'!
Could not resolve 'Lessingia leptoclada A. Gray'!
Could not resolve 'Lessingia nana A. Gray'!
Could not resolve 'Lessingia ramulosa A. Gray'!
Could not resolve 'Leucaena confertiflora Zárate'!
Could not resolve 'Leucaena esculenta (DC.) Benth.'!
Could not resolve 'Leucocoryne ixioides Lindl.'!
Could not resolve 'Leymus californicus (Bol. ex Thurb.) Barkworth'!
Could not resolve 'Leymus mollis subsp. mollis'!
Could not resolve 'Liatris elegans var. elegans'!
Could not resolve 'Liatris novae-angliae (Lunell) Shinners'!
Could not resolve 'Liatris punctata var. punctata'!
Could not resolve 'Liatris pycnostachya var. pycnostachya'!
Could not resolve 'Lilium humboldtii J.H. Krelage'!
Could not resolve 'Lilium pardalinum Kellogg'!
Could not resolve 'Linanthus aureus (Nutt.) Greene'!
Could not resolve 'Linaria canadensis fo. canadensis'!
Could not resolve 'Linaria canadensis var. canadensis'!
Could not resolve 'Lindera benzoin fo. benzoin'!
Could not resolve 'Lindera benzoin var. benzoin'!
Could not resolve 'Lindernia dubia subsp. dubia'!
Could not resolve 'Linum australe var. australe'!
Could not resolve 'Linum medium var. medium'!
Could not resolve 'Linum rigidum var. rigidum'!
Could not resolve 'Lithospermum chihuahuanum J.I. Cohen'!
Could not resolve 'Lithospermum confundum (B.L. Turner) J.I. Cohen'!
Could not resolve 'Lithospermum kelloggianum J.I. Cohen'!
Could not resolve 'Lithospermum tenerum J.I. Cohen'!
Could not resolve 'Loeselia amplectens (Hook. & Arn.) Benth. ex DC.'!
Could not resolve 'Loeseliastrum franciscanum R.M. Crawford'!
Could not resolve 'Lomatium ciliolatum var. ciliolatum'!
Could not resolve 'Lomatium dissectum (Nutt.) Mathias & Constance'!
Could not resolve 'Lomatium foeniculaceum var. foeniculaceum'!
Could not resolve 'Lomatium graveolens (S. Watson) Dorn & R.L. Hartm.'!
Could not resolve 'Lomatium triternatum var. triternatum'!
Could not resolve 'Lomatium utriculatum (Nutt. ex Torr. & A. Gray) J.M. Coult. & Rose'!
Could not resolve 'Lomatogonium rotatum fo. rotatum'!
Could not resolve 'Lonchocarpus brenesii M. Sousa'!
Could not resolve 'Lonchocarpus guatemalensis Benth.'!
Could not resolve 'Lonchocarpus huetamoensis M. Sousa & J.C. Soto'!
Could not resolve 'Lonchocarpus macrocarpus Benth.'!
Could not resolve 'Lonicera ciliosa (Pursh) Poir. ex DC.'!
Could not resolve 'Lonicera involucrata var. involucrata'!
Could not resolve 'Lonicera standishii Jacques'!
Could not resolve 'Lonicera villosa var. villosa'!
Could not resolve 'Lophophora williamsii (Lem. ex Salm-Dyck) J.M. Coult.'!
Could not resolve 'Lotus americanus (Nutt.) Bisch.'!
Could not resolve 'Lupinus leptophyllus Cham. & Schltdl.'!
Could not resolve 'Lupinus littoralis Douglas'!
Could not resolve 'Lupinus magnificus M.E. Jones'!
Could not resolve 'Lupinus parviflorus Nutt.'!
Could not resolve 'Lupinus polyphyllus C.E. Anderson'!
Could not resolve 'Lupinus polyphyllus Lindl.'!
Could not resolve 'Lupinus polyphyllus var. polyphyllus'!
Could not resolve 'Lupinus pusillus subsp. pusillus'!
Could not resolve 'Lupinus sericeus Cooper'!
Could not resolve 'Lupinus sericeus var. sericeus'!
Could not resolve 'Lupinus subvexus C.P. Sm.'!
Could not resolve 'Luziola peruviana Juss. ex J.F. Gmel.'!
Could not resolve 'Luzula acuminata var. acuminata'!
Could not resolve 'Luzula multiflora var. fusconigra Čelak.'!
Could not resolve 'Luzula multiflora var. multiflora'!
Could not resolve 'Luzula parviflora var. parviflora'!
Could not resolve 'Luzula sudetica var. sudetica'!
Could not resolve 'Lycaste deppei var. praestans Linden'!
Could not resolve 'Lycianthes grandifolia E. Dean'!
Could not resolve 'Lycianthes mariovelizii E. Dean'!
Could not resolve 'Lycianthes moziniana (Dunal) Bitter'!
Could not resolve 'Lycium fremontii A. Gray'!
Could not resolve 'Lycopus americanus Muhl.'!
Could not resolve 'Lygodesmia grandiflora (Nutt.) Torr. & A. Gray'!
Could not resolve 'Lygodesmia juncea (Pursh) D. Don ex Hook.'!
Could not resolve 'Lysichitum americanum Hultén & H. St. John'!
Could not resolve 'Machaonia erythrocarpa (Standl.) Borhidi'!
Could not resolve 'Magnolia pacifica A. Vázquez'!
Could not resolve 'Magnolia tribouillierana A. Vázquez, Archila & Véliz'!
Could not resolve 'Malacothrix clevelandii A. Gray'!
Could not resolve 'Malacothrix saxatilis var. saxatilis'!
Could not resolve 'Malacothrix sonchoides (Nutt.) Torr. & A. Gray'!
Could not resolve 'Malvaviscus arboreus Cav.'!
Could not resolve 'Mammillaria dioica K. Brandegee'!
Could not resolve 'Mammillaria huitzilopochtli D.R. Hunt'!
Could not resolve 'Mammillaria rzedowskiana Zamudio & U. Guzmán'!
Could not resolve 'Mandevilla campanulata Markgr.'!
Could not resolve 'Mansoa kerere (Aubl.) A.H. Gentry'!
Could not resolve 'Marcgravia rectiflora Triana & Planch.'!
Could not resolve 'Matelea grandiflora Woodson'!
Could not resolve 'Matelea ojadapantha L.O. Alvarado, Islas-Hern. & M.G. Chávez'!
Could not resolve 'Maxillaria nasalis Rchb. f.'!
Could not resolve 'Maxillariella prostrata Bogarín, Serracín & Samudio'!
Could not resolve 'Medicago polymorpha L.'!
Could not resolve 'Melampodium rosei B.L. Rob.'!
Could not resolve 'Melanthera aspera (Jacq.) Steud. ex Small'!
Could not resolve 'Melica bulbosa Geyer ex Porter & J.M. Coult.'!
Could not resolve 'Melidiscus viridiflorus (Schreb.) Raf.'!
Could not resolve 'Menodora helianthemoides Bonpl.'!
Could not resolve 'Mertensia alpina G. Don'!
Could not resolve 'Mertensia maritima fo. maritima'!
Could not resolve 'Mertensia toyabensis J.F. Macbr.'!
Could not resolve 'Miconia allenii (Almeda) Almeda'!
Could not resolve 'Miconia almedae (Kriebel) Michelang.'!
Could not resolve 'Miconia bigibbosa (Cogn.) Michelang.'!
Could not resolve 'Miconia clandestina (Almeda) Almeda'!
Could not resolve 'Miconia conobrenesii Michelang.'!
Could not resolve 'Miconia conochiriquensis Michelang.'!
Could not resolve 'Miconia conohirtella Michelang.'!
Could not resolve 'Miconia conomacrantha Michelang.'!
Could not resolve 'Miconia conoplumosa Michelang.'!
Could not resolve 'Miconia conorufescens Michelang.'!
Could not resolve 'Miconia conosetifera Michelang.'!
Could not resolve 'Miconia conosetosa Michelang.'!
Could not resolve 'Miconia conospeciosa Michelang.'!
Could not resolve 'Miconia cooperi (Cogn.) Michelang.'!
Could not resolve 'Miconia cornoides (Schltdl. & Cham.) Almeda'!
Could not resolve 'Miconia crocina Michelang.'!
Could not resolve 'Miconia cymifera (Donn. Sm.) Michelang.'!
Could not resolve 'Miconia davidsei (Almeda) Almeda'!
Could not resolve 'Miconia fenestrata (Benth.) Michelang.'!
Could not resolve 'Miconia folsomii (Almeda) Almeda'!
Could not resolve 'Miconia formicocollina Michelang.'!
Could not resolve 'Miconia formicosetosa Michelang.'!
Could not resolve 'Miconia fraterna (Gleason) Michelang.'!
Could not resolve 'Miconia galeottii (Naudin) Michelang.'!
Could not resolve 'Miconia henripittieri (Kriebel) Michelang.'!
Could not resolve 'Miconia impetiolaris (Sw.) D. Don ex DC.'!
Could not resolve 'Miconia jaliscana (Standl.) Michelang.'!
Could not resolve 'Miconia lasiopoda (Benth.) Michelang.'!
Could not resolve 'Miconia matudae (L.O. Williams) Michelang.'!
Could not resolve 'Miconia mesoamericana Michelang.'!
Could not resolve 'Miconia monteleagreana (Cogn.) Michelang.'!
Could not resolve 'Miconia mortoniana (Standl.) Michelang.'!
Could not resolve 'Miconia neopectinata Almeda'!
Could not resolve 'Miconia oblonga (Gleason) Michelang.'!
Could not resolve 'Miconia oerstediana (O. Berg ex Triana) Michelang.'!
Could not resolve 'Miconia petiolaris (Schltdl. & Cham.) Michelang.'!
Could not resolve 'Miconia pseudoalternifolia Michelang.'!
Could not resolve 'Miconia purpureoviolacea (Cogn.) Michelang.'!
Could not resolve 'Miconia reflexa (Gleason) Michelang.'!
Could not resolve 'Miconia rhodopetala (Donn. Sm.) Michelang.'!
Could not resolve 'Miconia rodriguezii (Almeda) Almeda'!
Could not resolve 'Miconia ruddae (Wurdack) Michelang.'!
Could not resolve 'Miconia secunmexicana Ocampo & Almeda'!
Could not resolve 'Miconia silviphila Michelang.'!
Could not resolve 'Miconia skutchiana Michelang.'!
Could not resolve 'Miconia spectabilis (Gleason) Michelang.'!
Could not resolve 'Miconia stipularis Naudin'!
Could not resolve 'Miconia subulata (Gleason) R. Goldenb. & Michelang.'!
Could not resolve 'Miconia trichosantha (Almeda) Almeda'!
Could not resolve 'Miconia utleyana (Almeda) Almeda'!
Could not resolve 'Miconia verapazana Michelang.'!
Could not resolve 'Miconia volcanalis (Standl. & Steyerm.) Michelang.'!
Could not resolve 'Microseris sylvatica (Benth.) Sch. Bip.'!
Could not resolve 'Mikania odoratissima Urb.'!
Could not resolve 'Mikania scandens var. scandens'!
Could not resolve 'Mimosa borealis A. Gray'!
Could not resolve 'Mimulus alatus fo. alatus'!
Could not resolve 'Mimulus glabratus var. fremontii (Benth.) A.L. Grant'!
Could not resolve 'Monardella macrantha A. Gray'!
Could not resolve 'Monopyle macrocarpa Benth.'!
Could not resolve 'Monteverdia guyanensis (Klotzsch ex Reissek) Biral'!
Could not resolve 'Mouriri myrtilloides (Sw.) Poir.'!
Could not resolve 'Moussonia triflora Hanst.'!
Could not resolve 'Muhlenbergia distans Swallen'!
Could not resolve 'Muhlenbergia glomerata var. glomerata'!
Could not resolve 'Muhlenbergia mexicana fo. mexicana'!
Could not resolve 'Muhlenbergia mexicana var. filiformis (Torr.) Scribn.'!
Could not resolve 'Muhlenbergia mexicana var. mexicana'!
Could not resolve 'Muhlenbergia schreberi subsp. schreberi'!
Could not resolve 'Myginda crossopetalum Raeusch. ex Schult.'!
Could not resolve 'Myosotis scorpioides L.'!
Could not resolve 'Naias flexilis Rost. & Schmidt.'!
Could not resolve 'Nicotiana miersii J. Rémy'!
Could not resolve 'Nicotiana repanda Willd.'!
Could not resolve 'Nothoscordum inodorum (Aiton) Asch. & Graebn.'!
Could not resolve 'Odontoglossum nebulosum var. guttatum Rchb. f. ex Rodigas'!
Could not resolve 'Oenothera biennis var. biennis'!
Could not resolve 'Oenothera biennis var. hirsutissima A. Gray ex S. Watson'!
Could not resolve 'Oenothera ravenii W. Dietr.'!
Could not resolve 'Oenothera suffulta (Engelm. ex A. Gray) W.L. Wagner & Hoch'!
Could not resolve 'Oenothera tetragona var. tetragona'!
Could not resolve 'Oligoneuron grandiflorum (Raf.) Small'!
Could not resolve 'Oncidium suttonii Bateman ex Lindl.'!
Could not resolve 'Oplonia spinosa Raf.'!
Could not resolve 'Oryzopsis micrantha (Trin. & Rupr.) Thurb.'!
Could not resolve 'Ossaea robusta (Triana) Cogn.'!
Could not resolve 'Otopappus tequilanus (A. Gray) B.L. Rob.'!
Could not resolve 'Oxalis brasiliensis Lodd., G. Lodd. & W. Lodd. ex Hildebr.'!
Could not resolve 'Oxalis refracta A. St.-Hil.'!
Could not resolve 'Oxalis yucatanensis (Rose) R. Knuth'!
Could not resolve 'Oxytropis alpicola (Rydb.) M.E. Jones'!
Could not resolve 'Oxytropis deflexa var. deflexa'!
Could not resolve 'Oxytropis viscida var. viscida'!
Could not resolve 'Pachistima myrsinites Raf.'!
Could not resolve 'Pachyphytum confusum Pérez-Calix, Guadián-Marín & I. García'!
Could not resolve 'Packera dimorphophylla var. dimorphophylla'!
Could not resolve 'Packera neomexicana var. neomexicana'!
Could not resolve 'Packera pseudaurea var. pseudaurea'!
Could not resolve 'Packera werneriifolia (A. Gray) W.A. Weber & Á. Löve'!
Could not resolve 'Palafoxia hookeriana Torr. & A. Gray'!
Could not resolve 'Paleocharis nearctica Poinar & D.J. Rosen'!
Could not resolve 'Palhinhaea cernua (L.) Franco & Vasc.'!
Could not resolve 'Panicularia striata (Lam.) Hitchc.'!
Could not resolve 'Panicum bicknellii var. bicknellii'!
Could not resolve 'Panicum columbianum var. columbianum'!
Could not resolve 'Panicum depauperatum fo. depauperatum'!
Could not resolve 'Panicum depauperatum var. depauperatum'!
Could not resolve 'Panicum dichotomiflorum var. dichotomiflorum'!
Could not resolve 'Panicum longifolium var. longifolium'!
Could not resolve 'Panicum rigidulum subsp. rigidulum'!
Could not resolve 'Panicum sect. Panicum'!
Could not resolve 'Papaver alaskanum var. alaskanum'!
Could not resolve 'Papaver macounii var. macounii'!
Could not resolve 'Parthenium alpinum (Nutt.) Torr. & A. Gray'!
Could not resolve 'Parthenocissus inserta fo. inserta'!
Could not resolve 'Parthenocissus quinquefolia fo. quinquefolia'!
Could not resolve 'Passiflora antioquiensis H. Karst.'!
Could not resolve 'Passiflora xiikzodz J.M. MacDougal'!
Could not resolve 'Paxistima myrsinites subsp. myrsinites'!
Could not resolve 'Pecluma celaquensis A. Rojas'!
Could not resolve 'Pectis angustifolia var. angustifolia'!
Could not resolve 'Pectis filipes var. filipes'!
Could not resolve 'Pedicularis macrodontis Richardson'!
Could not resolve 'Penstemon arkansanus Pennell'!
Could not resolve 'Penstemon confusus M.E. Jones'!
Could not resolve 'Penstemon eriantherus Pursh'!
Could not resolve 'Penstemon linarioides A. Gray'!
Could not resolve 'Penstemon nitidus var. nitidus'!
Could not resolve 'Penstemon rattanii A. Gray'!
Could not resolve 'Pentacalia brenesii (Greenm. & Standl.) Pruski'!
Could not resolve 'Pentagramma triangularis subsp. triangularis'!
Could not resolve 'Peperomia breedlovei Callejas'!
Could not resolve 'Peperomia callejasii U.B. Deshmukh'!
Could not resolve 'Peperomia campana Callejas'!
Could not resolve 'Peperomia cirillii-nelsonii Véliz, Archila & L. Velásquez'!
Could not resolve 'Peperomia comaltitlanensis Callejas'!
Could not resolve 'Peperomia epipetrica Callejas'!
Could not resolve 'Peperomia erythrospicata Callejas'!
Could not resolve 'Peperomia folsomii Callejas'!
Could not resolve 'Peperomia franciscoi Callejas'!
Could not resolve 'Peperomia gerardoi Callejas'!
Could not resolve 'Peperomia grayumii Callejas'!
Could not resolve 'Peperomia hydnostachya (Trel.) Callejas'!
Could not resolve 'Peperomia incognita Callejas'!
Could not resolve 'Peperomia longisetosa Callejas'!
Could not resolve 'Peperomia macrorostrum Callejas'!
Could not resolve 'Peperomia mixtifolia Trel. ex Callejas'!
Could not resolve 'Peperomia philipsonii Yunck.'!
Could not resolve 'Peperomia pilipetiolata Callejas'!
Could not resolve 'Peperomia potamophila Callejas'!
Could not resolve 'Peperomia pseudoelata Callejas'!
Could not resolve 'Peperomia pseudohirta Callejas'!
Could not resolve 'Peperomia pseudohodgei Callejas'!
Could not resolve 'Peperomia pseudomaculosa Callejas'!
Could not resolve 'Peperomia purpurispicata Callejas'!
Could not resolve 'Peperomia quetzal Véliz, Archila & L. Velásquez'!
Could not resolve 'Peperomia roseopetiolata Callejas'!
Could not resolve 'Peperomia sanblasensis Callejas'!
Could not resolve 'Peperomia sierpeana Callejas'!
Could not resolve 'Peperomia tetraphylla Hook. & Arn.'!
Could not resolve 'Peperomia tutensis Callejas'!
Could not resolve 'Peperomia valdezii Véliz, Archila & L. Velásquez'!
Could not resolve 'Perezia rigida (DC.) A. Gray'!
Could not resolve 'Perityle bisetosa (Torr. ex A. Gray) Shinners'!
Could not resolve 'Persea pseudofasciculata L.E. Kopp'!
Could not resolve 'Persicaria hydropiper (L.) Opiz'!
Could not resolve 'Perularia flava (L.) Farw.'!
Could not resolve 'Perymenium hintoniorum B.L. Turner'!
Could not resolve 'Petalostemum candidum Michx.'!
Could not resolve 'Petalostemum occidentale Fernald'!
Could not resolve 'Petalostemum purpureum fo. purpureum'!
Could not resolve 'Petalostemum villosum Nutt.'!
Could not resolve 'Petasites frigidus var. frigidus'!
Could not resolve 'Phacelia hastata subsp. hastata'!
Could not resolve 'Phacelia mohavensis A. Gray'!
Could not resolve 'Phacelia phyllomanica A. Gray'!
Could not resolve 'Pharbitis purpurea (L.) Voigt'!
Could not resolve 'Phegopteris excelsior N. Patel & A.V. Gilman'!
Could not resolve 'Pherotrichis balbisii A. Gray'!
Could not resolve 'Philodendron heleniae Croat'!
Could not resolve 'Philodendron nervosum Kunth'!
Could not resolve 'Philodendron rhodoaxis G.S. Bunting'!
Could not resolve 'Philodendron wilburii Croat & Grayum'!
Could not resolve 'Phippsia algida subsp. algida'!
Could not resolve 'Phlox maculata var. maculata'!
Could not resolve 'Phlox nivalis G. Lodd.'!
Could not resolve 'Phoradendron dichotomum Krug & Urb.'!
Could not resolve 'Phoradendron leucocarpum Patsch.'!
Could not resolve 'Phoradendron puberulum Trel.'!
Could not resolve 'Phragmites phragmites (L.) H. Karst.'!
Could not resolve 'Phragmotheca mammosa W.S. Alverson'!
Could not resolve 'Physalis heterophylla var. heterophylla'!
Could not resolve 'Physaria chambersii Rollins'!
Could not resolve 'Physaria ovalifolia (Rydb.) O'Kane & Al-Shehbaz'!
Could not resolve 'Physaria saximontana Rollins'!
Could not resolve 'Picea alba (Aiton) Link'!
Could not resolve 'Picea engelmannii Engelm.'!
Could not resolve 'Pilea dauciodora Wedd.'!
Could not resolve 'Pilea involucrata (Sims) Urb.'!
Could not resolve 'Pilea lindeniana Wedd.'!
Could not resolve 'Pilea pansamalana Donn. Sm.'!
Could not resolve 'Pilea pumila (L.) A. Gray'!
Could not resolve 'Pilea pumila var. pumila'!
Could not resolve 'Pinus patula Schltdl. & Cham.'!
Could not resolve 'Pinus ponderosa P. Lawson & C. Lawson'!
Could not resolve 'Piper ailigandiense Callejas'!
Could not resolve 'Piper alexii Callejas'!
Could not resolve 'Piper alushii Callejas'!
Could not resolve 'Piper amphioxys Trel.'!
Could not resolve 'Piper andresense Trel.'!
Could not resolve 'Piper antherisobovatum Callejas'!
Could not resolve 'Piper antonense Callejas'!
Could not resolve 'Piper arborioccupans Trel. ex Callejas'!
Could not resolve 'Piper aromaticaule Callejas'!
Could not resolve 'Piper atlantidanum Trel.'!
Could not resolve 'Piper bakeri C. DC. ex Callejas'!
Could not resolve 'Piper basegibbosum Callejas'!
Could not resolve 'Piper belicense Callejas'!
Could not resolve 'Piper berlandieri C. DC.'!
Could not resolve 'Piper bernoullii C. DC. ex Callejas'!
Could not resolve 'Piper boqueronense Callejas'!
Could not resolve 'Piper breedlovei Callejas'!
Could not resolve 'Piper brewsteri Callejas'!
Could not resolve 'Piper buchingeri C. DC. ex Callejas'!
Could not resolve 'Piper burgeri Callejas'!
Could not resolve 'Piper calderonii Trel. ex Callejas'!
Could not resolve 'Piper cerrocampanum Callejas'!
Could not resolve 'Piper chacaritaense Callejas'!
Could not resolve 'Piper chiapasense Callejas'!
Could not resolve 'Piper choapamense Trel. ex Callejas'!
Could not resolve 'Piper coniunctonis Callejas'!
Could not resolve 'Piper cucullatum Callejas'!
Could not resolve 'Piper cuspidiflorum Callejas'!
Could not resolve 'Piper dendroamans Trel. ex Callejas'!
Could not resolve 'Piper denudatissimum Callejas'!
Could not resolve 'Piper dimorphum Callejas'!
Could not resolve 'Piper disparinervium Callejas'!
Could not resolve 'Piper donnell-smithii C. DC.'!
Could not resolve 'Piper douglasii Callejas'!
Could not resolve 'Piper dumeticola C. DC.'!
Could not resolve 'Piper filiramosum Callejas'!
Could not resolve 'Piper fimbrirachium Callejas'!
Could not resolve 'Piper gatunense Trel.'!
Could not resolve 'Piper gerardoi Callejas'!
Could not resolve 'Piper golfitoense Callejas'!
Could not resolve 'Piper gracillimum Trel.'!
Could not resolve 'Piper grayumii Callejas'!
Could not resolve 'Piper guatemalense Callejas'!
Could not resolve 'Piper hammelii Callejas'!
Could not resolve 'Piper injucundum Trel.'!
Could not resolve 'Piper intramarginatum Callejas'!
Could not resolve 'Piper ixtlanense Callejas'!
Could not resolve 'Piper jacaleapaense Callejas'!
Could not resolve 'Piper lacandonense Callejas'!
Could not resolve 'Piper lempirense Callejas'!
Could not resolve 'Piper majense Callejas'!
Could not resolve 'Piper marginecontinuum Callejas'!
Could not resolve 'Piper mcphersonii Callejas'!
Could not resolve 'Piper middlesexense Trel. ex Callejas'!
Could not resolve 'Piper minuteauriculatum Callejas'!
Could not resolve 'Piper minutiflorum Callejas'!
Could not resolve 'Piper monteverdense Callejas'!
Could not resolve 'Piper numinca Callejas'!
Could not resolve 'Piper oblanceolatum Trel.'!
Could not resolve 'Piper oblongifructum Callejas'!
Could not resolve 'Piper obscurifolium Callejas'!
Could not resolve 'Piper ocosingosense Callejas'!
Could not resolve 'Piper palenquense Callejas'!
Could not resolve 'Piper paludis Callejas'!
Could not resolve 'Piper parviramosum Callejas'!
Could not resolve 'Piper ponendum Trel.'!
Could not resolve 'Piper pseudodelectans Callejas'!
Could not resolve 'Piper pseudofallens Callejas'!
Could not resolve 'Piper pseudolindenii C. DC.'!
Could not resolve 'Piper pseudoperbrevicaule Callejas'!
Could not resolve 'Piper pseudoperfugii Callejas'!
Could not resolve 'Piper pseudoschippianum Callejas'!
Could not resolve 'Piper pseudoviridicaule Trel.'!
Could not resolve 'Piper pulchrum C. DC.'!
Could not resolve 'Piper puntarenasense Callejas'!
Could not resolve 'Piper quicheanum Callejas'!
Could not resolve 'Piper ramirezii Callejas'!
Could not resolve 'Piper rigidomucronatum Callejas'!
Could not resolve 'Piper roseiflorum Callejas'!
Could not resolve 'Piper sanjuanilloense Callejas'!
Could not resolve 'Piper sepium C. DC.'!
Could not resolve 'Piper silvivagum C. DC.'!
Could not resolve 'Piper simularoideum Callejas'!
Could not resolve 'Piper sirenasense Callejas'!
Could not resolve 'Piper spinaciifolium Callejas'!
Could not resolve 'Piper subampollosum Callejas'!
Could not resolve 'Piper subhirsutum Trel.'!
Could not resolve 'Piper tacarcunense Callejas'!
Could not resolve 'Piper tuquesanum Callejas'!
Could not resolve 'Piper turrialvanum C. DC.'!
Could not resolve 'Piper tuxtepecense Trel. ex Callejas'!
Could not resolve 'Piper tuxtlense Callejas'!
Could not resolve 'Piper veraguanum Callejas'!
Could not resolve 'Piper yamaranguilaense Callejas'!
Could not resolve 'Pisum sativum L.'!
Could not resolve 'Pitcairnia lanosisepala Matuda'!
Could not resolve 'Pitcairnia ocotensis Beutelsp. & G. Lopez V.'!
Could not resolve 'Plantago patagonica var. patagonica'!
Could not resolve 'Pleopeltis × arreguiniae Tejero'!
Could not resolve 'Pleopeltis × pueblensis A.B. Cerón & Tejero'!
Could not resolve 'Pleuropogon subg. Lophochlaenus (Nees) P. But'!
Could not resolve 'Pleuropogon subg. Pleuropogon'!
Could not resolve 'Pluchea rosea R.K. Godfrey'!
Could not resolve 'Poa abbreviata subsp. abbreviata'!
Could not resolve 'Poa abbreviata subsp. pattersonii (Vasey) Á. Löve, D. Löve & B.M. Kapoor'!
Could not resolve 'Poa arctica var. arctica'!
Could not resolve 'Poa conglomerata Rupr. ex Peyr.'!
Could not resolve 'Poa cusickii subsp. cusickii'!
Could not resolve 'Poa debilis var. acutiflora Vasey ex Macoun'!
Could not resolve 'Poa laxa subsp. banffiana Soreng'!
Could not resolve 'Poa laxa subsp. flexuosa (Sm.) Hyl.'!
Could not resolve 'Poa longipila Nash'!
Could not resolve 'Poa saltuensis subsp. saltuensis'!
Could not resolve 'Poa saltuensis var. saltuensis'!
Could not resolve 'Poa sect. Abbreviatae Nannf. ex Tzvelev'!
Could not resolve 'Poa sect. Alpinae (Hegetschw. ex Nyman) Soreng'!
Could not resolve 'Poa sect. Arctopoa (Griseb.) Tzvelev'!
Could not resolve 'Poa sect. Bolbophorum Asch. & Graebn.'!
Could not resolve 'Poa sect. Homalopoa Dumort.'!
Could not resolve 'Poa sect. Madropoa Soreng'!
Could not resolve 'Poa sect. Ochlopoa Asch. & Graebn.'!
Could not resolve 'Poa sect. Oreinos Asch. & Graebn.'!
Could not resolve 'Poa sect. Pandemos Asch. & Graebn.'!
Could not resolve 'Poa sect. Poa'!
Could not resolve 'Poa sect. Secundae V.L. Marsh ex Soreng'!
Could not resolve 'Poa sect. Stenopoa Dumort.'!
Could not resolve 'Poa sect. Sylvestres V.L. Marsh ex Soreng'!
Could not resolve 'Poa sect. Tichopoa Asch. & Graebn.'!
Could not resolve 'Poa stenantha var. stenantha'!
Could not resolve 'Poa subg. Arctopoa (Griseb.) Prob.'!
Could not resolve 'Poa subg. Poa'!
Could not resolve 'Poa subg. Pseudopoa (K. Koch) Stapf'!
Could not resolve 'Poa subg. Sylvestres (V.L. Marsh ex Soreng) Soreng & L.J. Gillespie'!
Could not resolve 'Poa subsect. Epiles Hitchc. ex Soreng'!
Could not resolve 'Poa subsect. Madropoa Soreng'!
Could not resolve 'Poa subsect. Tichopoa (Asch. & Graebn.) Maire'!
Could not resolve 'Podostemon ceratophyllum Michx.'!
Could not resolve 'Poeppigia procera C. Presl'!
Could not resolve 'Polanisia dodecandra subsp. trachysperma (Torr. & A. Gray) Iltis'!
Could not resolve 'Polanisia dodecandra var. trachysperma (Torr. & A. Gray) Iltis'!
Could not resolve 'Polemonium acutiflorum Willd. ex Roem. & Schult.'!
Could not resolve 'Polygonum hydropiperoides fo. hydropiperoides'!
Could not resolve 'Polygonum hydropiperoides var. hydropiperoides'!
Could not resolve 'Polygonum ramosissimum fo. ramosissimum'!
Could not resolve 'Polystachya masayensis Rchb. f.'!
Could not resolve 'Pombalia potosina (C.V. Morton) Paula-Souza'!
Could not resolve 'Populus deltoides var. deltoides'!
Could not resolve 'Populus tremuloides var. tremuloides'!
Could not resolve 'Populus trichocarpa Torr. & A. Gray'!
Could not resolve 'Populus trunculoides'!
Could not resolve 'Potentilla egedei var. egedei'!
Could not resolve 'Potentilla procumbens Sibth.'!
Could not resolve 'Potentilla rhyolitica Ertter'!
Could not resolve 'Potentilla robbinsiana (Lehm.) Oakes ex Rydb.'!
Could not resolve 'Prenanthes trifoliolata var. trifoliolata'!
Could not resolve 'Primula conjugens var. conjugens'!
Could not resolve 'Primula mistassinica var. mistassinica'!
Could not resolve 'Protium chagrense (Pittier) Daly & P. Fine'!
Could not resolve 'Prunella vulgaris var. vulgaris'!
Could not resolve 'Prunus americana var. americana'!
Could not resolve 'Prunus cerasus L.'!
Could not resolve 'Prunus ferruginea Steud.'!
Could not resolve 'Prunus serotina subsp. serotina'!
Could not resolve 'Psacalium peltatum (Kunth) Cass.'!
Could not resolve 'Psacalium peltigerum (B.L. Rob. & Seaton) Rydb.'!
Could not resolve 'Pseudotsuga mucronata (Raf.) Sudw.'!
Could not resolve 'Psychotria hoffmannseggiana (Schult.) Müll. Arg.'!
Could not resolve 'Ptelea trifoliata subsp. trifoliata'!
Could not resolve 'Ptelea trifoliata var. trifoliata'!
Could not resolve 'Pteris livida Mett.'!
Could not resolve 'Puccinellia distans subsp. distans'!
Could not resolve 'Puccinellia distans var. angustifolia (Blytt) Holmb.'!
Could not resolve 'Puccinellia distans var. distans'!
Could not resolve 'Pyrrocoma hirta (A. Gray) Greene'!
Could not resolve 'Pyrus malus L.'!
Could not resolve 'Pyrus rivularis Douglas'!
Could not resolve 'Quercus frutex Trel.'!
Could not resolve 'Quercus margarettiae Ashe'!
Could not resolve 'Ranunculus eschscholtzii var. eschscholtzii'!
Could not resolve 'Ranunculus occidentalis var. occidentalis'!
Could not resolve 'Ranunculus orthorhynchus var. orthorhynchus'!
Could not resolve 'Ranunculus pilosus Kunth ex DC.'!
Could not resolve 'Ranunculus pygmaeus var. pygmaeus'!
Could not resolve 'Ratibida peduncularis (Torr. & A. Gray) Barnhart'!
Could not resolve 'Rauvolfia viridis Willd. ex Roem. & Schult.'!
Could not resolve 'Renealmia occidentalis var. occidentalis'!
Could not resolve 'Rhipsalis baccifera (Sol.) Stearn'!
Could not resolve 'Rhodosciadium glaucum J.M. Coult. & Rose'!
Could not resolve 'Rhus aromatica var. aromatica'!
Could not resolve 'Rhynchostele beloglossa (Rchb. f.) Dressler & N.H. Williams'!
Could not resolve 'Ribes aureum var. aureum'!
Could not resolve 'Ribes cereum var. cereum'!
Could not resolve 'Ribes glandulosum Grauer'!
Could not resolve 'Ribes inerme var. inerme'!
Could not resolve 'Ribes sanguineum var. sanguineum'!
Could not resolve 'Ribes sativum (Rchb.) Syme'!
Could not resolve 'Rivina humilis L.'!
Could not resolve 'Robinia viscosa Vent.'!
Could not resolve 'Roezlia bulbifera Roezl'!
Could not resolve 'Roldana pennellii H. Rob. & Brettell'!
Could not resolve 'Rorippa calycina (Engelm. ex Hayden) Rydb.'!
Could not resolve 'Rorippa islandica (Oeder ex Murray) Borbás'!
Could not resolve 'Rorippa islandica fo. islandica'!
Could not resolve 'Rorippa islandica var. islandica'!
Could not resolve 'Rorippa obtusa var. obtusa'!
Could not resolve 'Rorippa palustris var. hispida (Desv.) Rydb.'!
Could not resolve 'Rosa blanda fo. blanda'!
Could not resolve 'Rosa nutkana subsp. nutkana'!
Could not resolve 'Rosa virginiana fo. virginiana'!
Could not resolve 'Rosa woodsii subsp. woodsii'!
Could not resolve 'Rotundanthus fulvidus (F. Ballard) Morillo'!
Could not resolve 'Rubus leucodermis Douglas ex Torr. & A. Gray'!
Could not resolve 'Rubus liebmannii Focke'!
Could not resolve 'Ruellia californica (Rose) I.M. Johnst.'!
Could not resolve 'Ruellia caroliniensis subsp. caroliniensis'!
Could not resolve 'Ruellia caroliniensis var. caroliniensis'!
Could not resolve 'Ruellia pedunculata fo. pedunculata'!
Could not resolve 'Ruellia speciosa Mart. ex Nees'!
Could not resolve 'Ruellia tubiflora var. tubiflora'!
Could not resolve 'Sabazia palmeri (S. Watson ex A. Gray) Urbatsch & Turner'!
Could not resolve 'Sabbatia angularis Pursh'!
Could not resolve 'Sagina decumbens subsp. decumbens'!
Could not resolve 'Sagina nodosa var. nodosa'!
Could not resolve 'Sagittaria graminea var. graminea'!
Could not resolve 'Sagittaria graminea var. platyphylla Engelm.'!
Could not resolve 'Salicornia europaea L.'!
Could not resolve 'Salix amygdaloides var. amygdaloides'!
Could not resolve 'Salix brachycarpa var. brachycarpa'!
Could not resolve 'Salix discolor var. discolor'!
Could not resolve 'Salix exigua subsp. exigua'!
Could not resolve 'Salix exigua var. exigua'!
Could not resolve 'Salix glaucophylloides fo. glaucophylloides'!
Could not resolve 'Salix lucida var. lucida'!
Could not resolve 'Salix myrtillifolia var. myrtillifolia'!
Could not resolve 'Salix nigra var. nigra'!
Could not resolve 'Salix pedicellaris var. pedicellaris'!
Could not resolve 'Salix rigida fo. rigida'!
Could not resolve 'Salix rigida var. rigida'!
Could not resolve 'Salix sphenophylla A.K. Skvortsov'!
Could not resolve 'Salix uva-ursi fo. uva-ursi'!
Could not resolve 'Salvia diegoae Mart. Gord. & Lozada-Pérez'!
Could not resolve 'Sapranthus violaceus (Dunal) Saff.'!
Could not resolve 'Sarcoglottis corymbosa Garay'!
Could not resolve 'Satureja calamintha var. sylvatica Briq.'!
Could not resolve 'Satureja vulgaris var. neogaea Fernald'!
Could not resolve 'Saurauia pseudoscabrida Buscal.'!
Could not resolve 'Saurauia selerorum Buscal.'!
Could not resolve 'Schedonnardus paniculatus (Nutt.) Branner & Coville'!
Could not resolve 'Schiedeella llaveana (Lindl.) Schltr.'!
Could not resolve 'Schizachyrium tenerum var. tenerum'!
Could not resolve 'Schoenoplectiella smithii (A. Gray) Shiels & Monfils'!
Could not resolve 'Sciodaphyllum bifidum (M.J. Cannon & Cannon) Lowry, G.M. Plunkett & M.M. Mora'!
Could not resolve 'Sciodaphyllum caducum (M.J. Cannon & Cannon) Lowry, G.M. Plunkett & M.M. Mora'!
Could not resolve 'Sciodaphyllum coclense (M.J. Cannon & Cannon) Lowry, G.M. Plunkett & M.M. Mora'!
Could not resolve 'Sciodaphyllum institum (M.J. Cannon & Cannon) Lowry, G.M. Plunkett & M.M. Mora'!
Could not resolve 'Sciodaphyllum jefense (M.J. Cannon & Cannon) Lowry, G.M. Plunkett & M.M. Mora'!
Could not resolve 'Sciodaphyllum latiligulatum (M.J. Cannon & Cannon) Lowry, G.M. Plunkett & M.M. Mora'!
Could not resolve 'Sciodaphyllum octostylum (M.J. Cannon & Cannon) Lowry, G.M. Plunkett & M.M. Mora'!
Could not resolve 'Sciodaphyllum panamense (M.J. Cannon & Cannon) Lowry, G.M. Plunkett & M.M. Mora'!
Could not resolve 'Sciodaphyllum pittieri (Marchal) Lowry, G.M. Plunkett & M.M. Mora'!
Could not resolve 'Sciodaphyllum pubens (M.J. Cannon & Cannon) Lowry, G.M. Plunkett & M.M. Mora'!
Could not resolve 'Sciodaphyllum sapoense (M.J. Cannon & Cannon) Lowry, G.M. Plunkett & M.M. Mora'!
Could not resolve 'Sciodaphyllum seibertii (A.C. Sm.) Lowry, G.M. Plunkett & M.M. Mora'!
Could not resolve 'Sciodaphyllum whitefoordiae (M.J. Cannon & Cannon) Lowry, G.M. Plunkett & M.M. Mora'!
Could not resolve 'Scirpus atrocinctus Fernald'!
Could not resolve 'Scirpus atrocinctus fo. atrocinctus'!
Could not resolve 'Scirpus atrovirens var. atrovirens'!
Could not resolve 'Scirpus cyperinus fo. cyperinus'!
Could not resolve 'Scirpus pumilus Vahl'!
Could not resolve 'Scirpus smithii fo. smithii'!
Could not resolve 'Scirpus smithii var. smithii'!
Could not resolve 'Scutellaria elliptica Spreng.'!
Could not resolve 'Secula histrix (Poir.) Small'!
Could not resolve 'Sedum dendroideum DC.'!
Could not resolve 'Sedum ebracteatum DC.'!
Could not resolve 'Sedum integrifolium subsp. integrifolium'!
Could not resolve 'Sedum reptans R.T. Clausen'!
Could not resolve 'Sedum rhodiola DC.'!
Could not resolve 'Sedum spathulifolium subsp. spathulifolium'!
Could not resolve 'Sedum stenopetalum subsp. stenopetalum'!
Could not resolve 'Sedum telephium L.'!
Could not resolve 'Selaginella apoda (L.) C. Morren'!
Could not resolve 'Selaginella erythropus (Mart.) Spring'!
Could not resolve 'Selaginella flexuosa Spring'!
Could not resolve 'Selenia mexicana Standl.'!
Could not resolve 'Senecio amplectens A. Gray'!
Could not resolve 'Senecio bigelovii A. Gray'!
Could not resolve 'Senecio pauperculus fo. pauperculus'!
Could not resolve 'Senecio pauperculus var. crawfordii (Britton) T.M. Barkley'!
Could not resolve 'Senecio robbinsii fo. robbinsii'!
Could not resolve 'Senecio taraxacoides (A. Gray) Greene'!
Could not resolve 'Senna foetidissima (Sessé & Moc. ex G. Don) H.S. Irwin & Barneby'!
Could not resolve 'Serjania rosalindae Ferrucci & V.W. Steinm.'!
Could not resolve 'Setaria lutescens (Weigel ex Stuntz) F.T. Hubb.'!
Could not resolve 'Setaria viridis var. viridis'!
Could not resolve 'Setaria viridis var. weinmannii (Roem. & Schult.) Borbás'!
Could not resolve 'Setaria viridis var. weinmannii (Roem. & Schult.) Brand'!
Could not resolve 'Seymeria falcata B.L. Turner'!
Could not resolve 'Sida elliottii Torr. & A. Gray'!
Could not resolve 'Sidalcea oregana (Nutt. ex Torr. & A. Gray) A. Gray'!
Could not resolve 'Sideroxylon brucebenzii Cuevas & A. Vázquez'!
Could not resolve 'Sideroxylon persimile (Hemsl.) T.D. Penn.'!
Could not resolve 'Sigesbeckia pringlei D.L. Schulz'!
Could not resolve 'Silene cucubalus var. cucubalus'!
Could not resolve 'Silene stellata (L.) W.T. Aiton'!
Could not resolve 'Simpsonanthus jonesii (A. Gray) Guilliams, Hasenstab & B.G. Baldwin'!
Could not resolve 'Sinclairia glabra (Hemsl.) Rydb.'!
Could not resolve 'Sisyrinchium douglasii var. douglasii'!
Could not resolve 'Sloanea cuautitlanensis Cuevas & J. L. Mendoza'!
Could not resolve 'Smilacina racemosa var. racemosa'!
Could not resolve 'Smilax ecirrhata S. Watson'!
Could not resolve 'Solanum arboreum Dunal'!
Could not resolve 'Solanum commersonii Dunal'!
Could not resolve 'Solanum enoplocalyx Dunal'!
Could not resolve 'Solanum leucocarpon Dunal'!
Could not resolve 'Solanum xanti A. Gray'!
Could not resolve 'Solidago arguta fo. arguta'!
Could not resolve 'Solidago curtisii Torr. & A. Gray'!
Could not resolve 'Solidago graminifolia var. graminifolia'!
Could not resolve 'Solidago macrophylla var. macrophylla'!
Could not resolve 'Solidago missouriensis var. missouriensis'!
Could not resolve 'Solidago racemosa fo. racemosa'!
Could not resolve 'Solidago racemosa var. racemosa'!
Could not resolve 'Solidago rugosa subsp. rugosa'!
Could not resolve 'Solidago rugosa var. rugosa'!
Could not resolve 'Sophia sophia (L.) Britton'!
Could not resolve 'Sparganium androcladum (Engelm.) Morong'!
Could not resolve 'Spergularia macrotheca (Hornem.) Heynh.'!
Could not resolve 'Sphaeradenia laucheana (Sander ex Mast.) Harling'!
Could not resolve 'Spigelia dolichostachya Fern. Casas'!
Could not resolve 'Spilanthes diffusa Poepp.'!
Could not resolve 'Spilanthes merrillii Standl. & L.O. Williams ex C. Nelson'!
Could not resolve 'Spilanthes ocymifolia (Lam.) A.H. Moore'!
Could not resolve 'Spiraea alba var. alba'!
Could not resolve 'Spiraea lucida Douglas ex Hook.'!
Could not resolve 'Spiraea tomentosa var. tomentosa'!
Could not resolve 'Spiranthes gracilis var. gracilis'!
Could not resolve 'Sporobolus compositus var. compositus'!
Could not resolve 'Sporobolus minor Trin. ex Kunth'!
Could not resolve 'Sporobolus vaginiflorus var. vaginiflorus'!
Could not resolve 'Steliopsis anneliesae Brieger'!
Could not resolve 'Stellaria calycantha var. calycantha'!
Could not resolve 'Stenocereus huastecorum Alvarado-Sizzo, Arreola-Nava & Terrazas'!
Could not resolve 'Stenogrammitis grammitoides A. Rojas'!
Could not resolve 'Stenotus armerioides var. armerioides'!
Could not resolve 'Stevia amblyolepis (B.L. Rob.) B.L. Rob.'!
Could not resolve 'Stevia pallida (Sch. Bip.) Hieron.'!
Could not resolve 'Steviopsis thyrsiflora (A. Gray) B.L. Turner'!
Could not resolve 'Sticherus lanuginosus (Fée) Nakai'!
Could not resolve 'Stigmatosema fuscoflorale Szlach.'!
Could not resolve 'Stipa nelsonii subsp. dorei Barkworth & J. Maze'!
Could not resolve 'Struthanthus cansjerifolius (Oliv.) Eichler'!
Could not resolve 'Styrax nicaraguensis P.W. Fritsch'!
Could not resolve 'Suaeda depressa (Pursh) S. Watson'!
Could not resolve 'Suaeda nigrescens I.M. Johnst.'!
Could not resolve 'Suberogerens cyclophylla (Standl.) Morillo'!
Could not resolve 'Svida alternifolia Small'!
Could not resolve 'Svida amomum Small'!
Could not resolve 'Svida asperifolia Small'!
Could not resolve 'Symphyotrichum ericoides var. ericoides'!
Could not resolve 'Symplocarpus foetidus (L.) Nutt.'!
Could not resolve 'Symplocarpus foetidus (L.) W. Salisb.'!
Could not resolve 'Synechanthus mexicanus L.H. Bailey'!
Could not resolve 'Synthyris reniformis (Douglas ex Benth.) Benth.'!
Could not resolve 'Tagetes jaliscensis Greenm.'!
Could not resolve 'Tanacetum vulgare L.'!
Could not resolve 'Taraxacum erythrospermum Andrz.'!
Could not resolve 'Tectaria heracleifolia (Willd.) Underw.'!
Could not resolve 'Telanthophora steyermarkii (Greenm.) Pruski'!
Could not resolve 'Tetrachyron orizabense (Klatt) Wussow & Urbatsch'!
Could not resolve 'Tetraneuris acaulis (Pursh) Greene'!
Could not resolve 'Tetraneuris linearifolia (Hook.) Greene'!
Could not resolve 'Tetrazygia bicolor (Mill.) Cogn.'!
Could not resolve 'Thalictrum sect. Heterogamia (A. DC.) B. Boivin'!
Could not resolve 'Thelypodium brachycarpum Torr.'!
Could not resolve 'Thermopsis mollis (Michx.) M.A. Curtis'!
Could not resolve 'Thymophylla aurea (A. Gray) Greene'!
Could not resolve 'Tibouchina lepidota (Bonpl.) Baill.'!
Could not resolve 'Tigridia alpestris Molseed'!
Could not resolve 'Tigridia mexicana Molseed'!
Could not resolve 'Tigridia vanhouttei Roezl ex Van Houtte'!
Could not resolve 'Tillandsia beutelspacheri Matuda'!
Could not resolve 'Tillandsia excelsa Griseb.'!
Could not resolve 'Tillandsia intumescens L.B. Sm.'!
Could not resolve 'Tofieldia occidentalis subsp. brevistyla C.L. Hitchc.'!
Could not resolve 'Toxicodendron radicans subsp. radicans'!
Could not resolve 'Toxicodendron radicans var. radicans'!
Could not resolve 'Tradescantia zebrina hort. ex Bosse'!
Could not resolve 'Tragia ramosa Torr.'!
Could not resolve 'Trichocoronis wrightii (Torr. & A. Gray) A. Gray'!
Could not resolve 'Trifolium aureum Geners.'!
Could not resolve 'Trifolium rusbyi Greene'!
Could not resolve 'Trifolium variegatum var. variegatum'!
Could not resolve 'Triosteum aurantiacum var. aurantiacum'!
Could not resolve 'Tripleurospermum maritimum subsp. phaeocephalum (Rupr.) Hämet-Ahti'!
Could not resolve 'Tripsacum floridanum Porter ex Vasey'!
Could not resolve 'Trisetum cernuum subsp. cernuum'!
Could not resolve 'Trisetum sibiricum Rupr.'!
Could not resolve 'Trisetum spicatum subsp. spicatum'!
Could not resolve 'Triteleia ixioides (W.T. Aiton) Greene'!
Could not resolve 'Typha angustifolia L.'!
Could not resolve 'Urtica gracilis subsp. gracilis'!
Could not resolve 'Urtica praetermissa V.W. Steinm.'!
Could not resolve 'Vaccinium shastense J.K. Nelson & Lindstrand'!
Could not resolve 'Valeriana edulis subsp. edulis'!
Could not resolve 'Valeriana sylvatica Banks ex Richardson'!
Could not resolve 'Valerianella locusta (L.) Betcke'!
Could not resolve 'Vancouveria hexandra (Hook.) C. Morren & Decne.'!
Could not resolve 'Vauquelinia corymbosa Bonpl.'!
Could not resolve 'Verapazia fimbriata (Ames & C. Schweinf.) Archila'!
Could not resolve 'Verbesina heterophylla (Chapm.) A. Gray'!
Could not resolve 'Verbesina parviflora (Kunth) S.F. Blake'!
Could not resolve 'Vernonia duncanii S.B. Jones'!
Could not resolve 'Vernonia fasciculata var. fasciculata'!
Could not resolve 'Vernonia greggii A. Gray'!
Could not resolve 'Vernonia noveboracensis (L.) Willd.'!
Could not resolve 'Veronica catenata var. catenata'!
Could not resolve 'Veronica stelleri Link'!
Could not resolve 'Viburnum rafinesqueanum var. rafinesqueanum'!
Could not resolve 'Viburnum subsect. Rafinesquiana J.C. Villarreal & A.E. Estrada'!
Could not resolve 'Vicia sativa Guss.'!
Could not resolve 'Vicia sativa L.'!
Could not resolve 'Vicia tetrasperma (L.) Moench'!
Could not resolve 'Vicia tetrasperma var. tetrasperma'!
Could not resolve 'Viola adunca fo. adunca'!
Could not resolve 'Viola adunca var. adunca'!
Could not resolve 'Viola beckwithii Torr.'!
Could not resolve 'Viola conspersa fo. conspersa'!
Could not resolve 'Viola cucullata fo. cucullata'!
Could not resolve 'Viola cucullata var. cucullata'!
Could not resolve 'Viola septentrionalis fo. septentrionalis'!
Could not resolve 'Viola septentrionalis var. septentrionalis'!
Could not resolve 'Viola sororia fo. sororia'!
Could not resolve 'Viola sororia var. sororia'!
Could not resolve 'Vitis aestivalis subsp. aestivalis'!
Could not resolve 'Vitis berlandieri Planch.'!
Could not resolve 'Vitis riparia subsp. riparia'!
Could not resolve 'Vitis riparia var. riparia'!
Could not resolve 'Vriesea ospinae H. Luther'!
Could not resolve 'Vulcanoa steyermarkii (Woodson) Morillo'!
Could not resolve 'Vulpia microstachya var. microstachya'!
Could not resolve 'Waldsteinia fragarioides var. fragarioides'!
Could not resolve 'Washingtonia filifera (Gloner ex Kerch., Burv., Pynaert, Rodigas & Hull) de Bary'!
Could not resolve 'Washingtonia filifera (Linden ex André) H. Wendl.'!
Could not resolve 'Wolffia lingulata Hegelm.'!
Could not resolve 'Woodsia oregana subsp. oregana'!
Could not resolve 'Xiphidium pontederiiflorum M. Pell., Hopper & Rhian J. Sm.'!
Could not resolve 'Xylorhiza tortifolia (Torr. & A. Gray) Greene'!
Could not resolve 'Xyris caroliniana fo. caroliniana'!
Could not resolve 'Yucca baccata Torr.'!
Could not resolve 'Yucca baccata var. vespertina McKelvey'!
Could not resolve 'Yucca baileyi var. baileyi'!
Could not resolve 'Yucca brevifolia var. brevifolia'!
Could not resolve 'Yucca harrimaniae var. harrimaniae'!
Could not resolve 'Yucca pinicola Zamudio'!
Could not resolve 'Yucca whipplei var. whipplei'!
Could not resolve 'Zaluzania zapalinama B.L. Turner'!
Could not resolve 'Zea mays var. mays'!
Could not resolve 'Zephyranthes alba Flagg, G. Lom. Sm. & García-Mend.'!
Could not resolve 'Zephyranthes ita-andivi García-Mend., Flagg & G. Lom. Sm.'!
Could not resolve 'Zephyranthes sessilis Herb.'!
Could not resolve 'Zeugites pittieri Hack.'!
Could not resolve 'Zizia aurea fo. aurea'!
Could not resolve 'Zornia pardina Mohlenbr.'!
Could not resolve 'Zschokkea standleyi Woodson'!
Could not resolve 'Zuckia brandegeei var. brandegeei'!
Could not resolve 'Zygadenus glaucus Nutt.'!
Could not resolve '× Achnella Barkworth'!
Could not resolve '× Agropogon P. Fourn.'!
Could not resolve '× Arctodupontia Tzvelev'!
Could not resolve '× Cohnlophiaris Cetzal & Balam'!
Could not resolve '× Duarctopoa Soreng & L.J. Gillespie'!
Could not resolve '× Dupoa J. Cay. & Darbysh.'!
Could not resolve '× Elyhordeum Mansf. ex Tsitsin & K.A. Petrova'!
Could not resolve '× Elyleymus B.R. Baum'!
Could not resolve '× Elyleymus ontariensis (Lepage) Barkworth'!
Could not resolve '× Leydeum Barkworth'!
Could not resolve '× Leydeum littorale (H.J. Hodgs. & W.W. Mitch.) Barkworth'!
Could not resolve '× Pachgerocereus Moran'!
Could not resolve '× Pascoleymus Barkworth'!
Could not resolve '× Pascoleymus bowdenii (B. Boivin) Barkworth'!
Could not resolve '× Pseudelymus Barkworth & D.R. Dewey'!
Could not resolve '× Pucciphippsia Tzvelev'!
